[Running] python -u "c:\Users\ragha\Desktop\DLT LAB\exp.no9\exp no 9.py"
2025-06-19 00:04:19.321558: I tensorflow/core/util/port.cc:153] oneDNN custom operations are on. You may see slightly different numerical results due to floating-point round-off errors from different computation orders. To turn them off, set the environment variable `TF_ENABLE_ONEDNN_OPTS=0`.
2025-06-19 00:04:31.374682: I tensorflow/core/util/port.cc:153] oneDNN custom operations are on. You may see slightly different numerical results due to floating-point round-off errors from different computation orders. To turn them off, set the environment variable `TF_ENABLE_ONEDNN_OPTS=0`.
Downloading data from https://storage.googleapis.com/tensorflow/tf-keras-datasets/imdb.npz

[1m       0/17464789[0m [37m====================[0m [1m0s[0m 0s/step
[1m   49152/17464789[0m [37m====================[0m [1m44s[0m 3us/step
[1m   73728/17464789[0m [37m====================[0m [1m41s[0m 2us/step
[1m   81920/17464789[0m [37m====================[0m [1m1:47[0m 6us/step
[1m  147456/17464789[0m [37m====================[0m [1m1:07[0m 4us/step
[1m  180224/17464789[0m [37m====================[0m [1m1:03[0m 4us/step
[1m  196608/17464789[0m [37m====================[0m [1m1:04[0m 4us/step
[1m  245760/17464789[0m [37m====================[0m [1m58s[0m 3us/step 
[1m  319488/17464789[0m [37m====================[0m [1m47s[0m 3us/step
[1m  393216/17464789[0m [37m====================[0m [1m41s[0m 2us/step
[1m  409600/17464789[0m [37m====================[0m [1m42s[0m 2us/step
[1m  557056/17464789[0m [37m====================[0m [1m32s[0m 2us/step
[1m  655360/17464789[0m [37m====================[0m [1m28s[0m 2us/step
[1m  753664/17464789[0m [37m====================[0m [1m26s[0m 2us/step
[1m  884736/17464789[0m [32m=[0m[37m===================[0m [1m23s[0m 1us/step
[1m 1015808/17464789[0m [32m=[0m[37m===================[0m [1m20s[0m 1us/step
[1m 1196032/17464789[0m [32m=[0m[37m===================[0m [1m18s[0m 1us/step
[1m 1294336/17464789[0m [32m=[0m[37m===================[0m [1m17s[0m 1us/step
[1m 1507328/17464789[0m [32m=[0m[37m===================[0m [1m15s[0m 1us/step
[1m 1769472/17464789[0m [32m==[0m[37m==================[0m [1m13s[0m 1us/step
[1m 1933312/17464789[0m [32m==[0m[37m==================[0m [1m12s[0m 1us/step
[1m 2252800/17464789[0m [32m==[0m[37m==================[0m [1m11s[0m 1us/step
[1m 2416640/17464789[0m [32m==[0m[37m==================[0m [1m10s[0m 1us/step
[1m 2859008/17464789[0m [32m===[0m[37m=================[0m [1m9s[0m 1us/step 
[1m 3088384/17464789[0m [32m===[0m[37m=================[0m [1m8s[0m 1us/step
[1m 3366912/17464789[0m [32m===[0m[37m=================[0m [1m7s[0m 1us/step
[1m 3432448/17464789[0m [32m===[0m[37m=================[0m [1m7s[0m 1us/step
[1m 3792896/17464789[0m [32m====[0m[37m================[0m [1m7s[0m 1us/step
[1m 4276224/17464789[0m [32m====[0m[37m================[0m [1m6s[0m 1us/step
[1m 4571136/17464789[0m [32m=====[0m[37m===============[0m [1m6s[0m 0us/step
[1m 4767744/17464789[0m [32m=====[0m[37m===============[0m [1m6s[0m 0us/step
[1m 5062656/17464789[0m [32m=====[0m[37m===============[0m [1m5s[0m 0us/step
[1m 5390336/17464789[0m [32m======[0m[37m==============[0m [1m5s[0m 0us/step
[1m 5586944/17464789[0m [32m======[0m[37m==============[0m [1m5s[0m 0us/step
[1m 5849088/17464789[0m [32m======[0m[37m==============[0m [1m5s[0m 0us/step
[1m 6160384/17464789[0m [32m=======[0m[37m=============[0m [1m4s[0m 0us/step
[1m 6586368/17464789[0m [32m=======[0m[37m=============[0m [1m4s[0m 0us/step
[1m 6864896/17464789[0m [32m=======[0m[37m=============[0m [1m4s[0m 0us/step
[1m 6995968/17464789[0m [32m========[0m[37m============[0m [1m4s[0m 0us/step
[1m 7405568/17464789[0m [32m========[0m[37m============[0m [1m3s[0m 0us/step
[1m 7667712/17464789[0m [32m========[0m[37m============[0m [1m3s[0m 0us/step
[1m 7864320/17464789[0m [32m=========[0m[37m===========[0m [1m3s[0m 0us/step
[1m 8126464/17464789[0m [32m=========[0m[37m===========[0m [1m3s[0m 0us/step
[1m 8421376/17464789[0m [32m=========[0m[37m===========[0m [1m3s[0m 0us/step
[1m 8896512/17464789[0m [32m==========[0m[37m==========[0m [1m3s[0m 0us/step
[1m 9224192/17464789[0m [32m==========[0m[37m==========[0m [1m2s[0m 0us/step
[1m 9535488/17464789[0m [32m==========[0m[37m==========[0m [1m2s[0m 0us/step
[1m 9732096/17464789[0m [32m===========[0m[37m=========[0m [1m2s[0m 0us/step
[1m10108928/17464789[0m [32m===========[0m[37m=========[0m [1m2s[0m 0us/step
[1m10477568/17464789[0m [32m===========[0m[37m=========[0m [1m2s[0m 0us/step
[1m10797056/17464789[0m [32m============[0m[37m========[0m [1m2s[0m 0us/step
[1m11042816/17464789[0m [32m============[0m[37m========[0m [1m2s[0m 0us/step
[1m11485184/17464789[0m [32m=============[0m[37m=======[0m [1m2s[0m 0us/step
[1m11730944/17464789[0m [32m=============[0m[37m=======[0m [1m1s[0m 0us/step
[1m11976704/17464789[0m [32m=============[0m[37m=======[0m [1m1s[0m 0us/step
[1m12173312/17464789[0m [32m=============[0m[37m=======[0m [1m1s[0m 0us/step
[1m12615680/17464789[0m [32m==============[0m[37m======[0m [1m1s[0m 0us/step
[1m12845056/17464789[0m [32m==============[0m[37m======[0m [1m1s[0m 0us/step
[1m13025280/17464789[0m [32m==============[0m[37m======[0m [1m1s[0m 0us/step
[1m13402112/17464789[0m [32m===============[0m[37m=====[0m [1m1s[0m 0us/step
[1m13467648/17464789[0m [32m===============[0m[37m=====[0m [1m1s[0m 0us/step
[1m13746176/17464789[0m [32m===============[0m[37m=====[0m [1m1s[0m 0us/step
[1m14221312/17464789[0m [32m================[0m[37m====[0m [1m1s[0m 0us/step
[1m14311424/17464789[0m [32m================[0m[37m====[0m [1m1s[0m 0us/step
[1m14417920/17464789[0m [32m================[0m[37m====[0m [1m0s[0m 0us/step
[1m14647296/17464789[0m [32m================[0m[37m====[0m [1m0s[0m 0us/step
[1m15171584/17464789[0m [32m=================[0m[37m===[0m [1m0s[0m 0us/step
[1m15482880/17464789[0m [32m=================[0m[37m===[0m [1m0s[0m 0us/step
[1m15843328/17464789[0m [32m==================[0m[37m==[0m [1m0s[0m 0us/step
[1m15892480/17464789[0m [32m==================[0m[37m==[0m [1m0s[0m 0us/step
[1m16285696/17464789[0m [32m==================[0m[37m==[0m [1m0s[0m 0us/step
[1m16760832/17464789[0m [32m===================[0m[37m=[0m [1m0s[0m 0us/step
[1m16777216/17464789[0m [32m===================[0m[37m=[0m [1m0s[0m 0us/step
[1m17170432/17464789[0m [32m===================[0m[37m=[0m [1m0s[0m 0us/step
[1m17464789/17464789[0m [32m====================[0m[37m[0m [1m5s[0m 0us/step
C:\Users\ragha\AppData\Local\Packages\PythonSoftwareFoundation.Python.3.12_qbz5n2kfra8p0\LocalCache\local-packages\Python312\site-packages\keras\src\layers\core\embedding.py:97: UserWarning: Argument `input_length` is deprecated. Just remove it.
  warnings.warn(
2025-06-19 00:05:22.313332: I tensorflow/core/platform/cpu_feature_guard.cc:210] This TensorFlow binary is optimized to use available CPU instructions in performance-critical operations.
To enable the following instructions: SSE3 SSE4.1 SSE4.2 AVX AVX2 AVX_VNNI FMA, in other operations, rebuild TensorFlow with the appropriate compiler flags.
Epoch 1/3

[1m  1/313[0m [37m====================[0m [1m9:21[0m 2s/step - accuracy: 0.4531 - loss: 0.7095
[1m  4/313[0m [37m====================[0m [1m5s[0m 19ms/step - accuracy: 0.4902 - loss: 0.6983
[1m  7/313[0m [37m====================[0m [1m5s[0m 18ms/step - accuracy: 0.5004 - loss: 0.6974
[1m 11/313[0m [37m====================[0m [1m5s[0m 18ms/step - accuracy: 0.5027 - loss: 0.6979
[1m 15/313[0m [37m====================[0m [1m5s[0m 17ms/step - accuracy: 0.5014 - loss: 0.6981
[1m 18/313[0m [32m=[0m[37m===================[0m [1m5s[0m 17ms/step - accuracy: 0.5012 - loss: 0.6981
[1m 21/313[0m [32m=[0m[37m===================[0m [1m5s[0m 18ms/step - accuracy: 0.5012 - loss: 0.6980
[1m 24/313[0m [32m=[0m[37m===================[0m [1m5s[0m 18ms/step - accuracy: 0.5015 - loss: 0.6977
[1m 27/313[0m [32m=[0m[37m===================[0m [1m5s[0m 18ms/step - accuracy: 0.5019 - loss: 0.6975
[1m 31/313[0m [32m=[0m[37m===================[0m [1m5s[0m 18ms/step - accuracy: 0.5020 - loss: 0.6972
[1m 34/313[0m [32m==[0m[37m==================[0m [1m4s[0m 18ms/step - accuracy: 0.5022 - loss: 0.6970
[1m 38/313[0m [32m==[0m[37m==================[0m [1m4s[0m 17ms/step - accuracy: 0.5028 - loss: 0.6967
[1m 42/313[0m [32m==[0m[37m==================[0m [1m4s[0m 17ms/step - accuracy: 0.5031 - loss: 0.6964
[1m 46/313[0m [32m==[0m[37m==================[0m [1m4s[0m 17ms/step - accuracy: 0.5039 - loss: 0.6961
[1m 50/313[0m [32m===[0m[37m=================[0m [1m4s[0m 17ms/step - accuracy: 0.5047 - loss: 0.6959
[1m 54/313[0m [32m===[0m[37m=================[0m [1m4s[0m 17ms/step - accuracy: 0.5052 - loss: 0.6957
[1m 58/313[0m [32m===[0m[37m=================[0m [1m4s[0m 17ms/step - accuracy: 0.5056 - loss: 0.6956
[1m 62/313[0m [32m===[0m[37m=================[0m [1m4s[0m 17ms/step - accuracy: 0.5060 - loss: 0.6955
[1m 66/313[0m [32m====[0m[37m================[0m [1m4s[0m 17ms/step - accuracy: 0.5065 - loss: 0.6953
[1m 69/313[0m [32m====[0m[37m================[0m [1m4s[0m 17ms/step - accuracy: 0.5070 - loss: 0.6952
[1m 72/313[0m [32m====[0m[37m================[0m [1m4s[0m 17ms/step - accuracy: 0.5074 - loss: 0.6951
[1m 75/313[0m [32m====[0m[37m================[0m [1m4s[0m 17ms/step - accuracy: 0.5077 - loss: 0.6951
[1m 78/313[0m [32m====[0m[37m================[0m [1m3s[0m 17ms/step - accuracy: 0.5080 - loss: 0.6950
[1m 81/313[0m [32m=====[0m[37m===============[0m [1m3s[0m 17ms/step - accuracy: 0.5083 - loss: 0.6949
[1m 84/313[0m [32m=====[0m[37m===============[0m [1m3s[0m 17ms/step - accuracy: 0.5087 - loss: 0.6948
[1m 87/313[0m [32m=====[0m[37m===============[0m [1m3s[0m 17ms/step - accuracy: 0.5090 - loss: 0.6947
[1m 90/313[0m [32m=====[0m[37m===============[0m [1m3s[0m 17ms/step - accuracy: 0.5094 - loss: 0.6946
[1m 93/313[0m [32m=====[0m[37m===============[0m [1m3s[0m 17ms/step - accuracy: 0.5099 - loss: 0.6945
[1m 96/313[0m [32m======[0m[37m==============[0m [1m3s[0m 17ms/step - accuracy: 0.5103 - loss: 0.6944
[1m100/313[0m [32m======[0m[37m==============[0m [1m3s[0m 17ms/step - accuracy: 0.5109 - loss: 0.6943
[1m104/313[0m [32m======[0m[37m==============[0m [1m3s[0m 17ms/step - accuracy: 0.5115 - loss: 0.6941
[1m107/313[0m [32m======[0m[37m==============[0m [1m3s[0m 17ms/step - accuracy: 0.5120 - loss: 0.6940
[1m111/313[0m [32m=======[0m[37m=============[0m [1m3s[0m 17ms/step - accuracy: 0.5126 - loss: 0.6938
[1m114/313[0m [32m=======[0m[37m=============[0m [1m3s[0m 17ms/step - accuracy: 0.5130 - loss: 0.6937
[1m118/313[0m [32m=======[0m[37m=============[0m [1m3s[0m 17ms/step - accuracy: 0.5135 - loss: 0.6936
[1m122/313[0m [32m=======[0m[37m=============[0m [1m3s[0m 17ms/step - accuracy: 0.5140 - loss: 0.6934
[1m125/313[0m [32m=======[0m[37m=============[0m [1m3s[0m 17ms/step - accuracy: 0.5144 - loss: 0.6933
[1m129/313[0m [32m========[0m[37m============[0m [1m3s[0m 17ms/step - accuracy: 0.5149 - loss: 0.6932
[1m133/313[0m [32m========[0m[37m============[0m [1m3s[0m 17ms/step - accuracy: 0.5154 - loss: 0.6930
[1m137/313[0m [32m========[0m[37m============[0m [1m2s[0m 17ms/step - accuracy: 0.5159 - loss: 0.6929
[1m140/313[0m [32m========[0m[37m============[0m [1m2s[0m 17ms/step - accuracy: 0.5163 - loss: 0.6927
[1m144/313[0m [32m=========[0m[37m===========[0m [1m2s[0m 17ms/step - accuracy: 0.5168 - loss: 0.6926
[1m147/313[0m [32m=========[0m[37m===========[0m [1m2s[0m 17ms/step - accuracy: 0.5171 - loss: 0.6925
[1m151/313[0m [32m=========[0m[37m===========[0m [1m2s[0m 17ms/step - accuracy: 0.5177 - loss: 0.6923
[1m155/313[0m [32m=========[0m[37m===========[0m [1m2s[0m 17ms/step - accuracy: 0.5182 - loss: 0.6921
[1m159/313[0m [32m==========[0m[37m==========[0m [1m2s[0m 17ms/step - accuracy: 0.5187 - loss: 0.6919
[1m163/313[0m [32m==========[0m[37m==========[0m [1m2s[0m 17ms/step - accuracy: 0.5193 - loss: 0.6917
[1m167/313[0m [32m==========[0m[37m==========[0m [1m2s[0m 17ms/step - accuracy: 0.5199 - loss: 0.6915
[1m171/313[0m [32m==========[0m[37m==========[0m [1m2s[0m 17ms/step - accuracy: 0.5205 - loss: 0.6913
[1m175/313[0m [32m===========[0m[37m=========[0m [1m2s[0m 17ms/step - accuracy: 0.5211 - loss: 0.6911
[1m179/313[0m [32m===========[0m[37m=========[0m [1m2s[0m 17ms/step - accuracy: 0.5216 - loss: 0.6909
[1m182/313[0m [32m===========[0m[37m=========[0m [1m2s[0m 17ms/step - accuracy: 0.5221 - loss: 0.6908
[1m185/313[0m [32m===========[0m[37m=========[0m [1m2s[0m 17ms/step - accuracy: 0.5225 - loss: 0.6906
[1m188/313[0m [32m============[0m[37m========[0m [1m2s[0m 17ms/step - accuracy: 0.5230 - loss: 0.6904
[1m192/313[0m [32m============[0m[37m========[0m [1m2s[0m 17ms/step - accuracy: 0.5236 - loss: 0.6901
[1m196/313[0m [32m============[0m[37m========[0m [1m1s[0m 17ms/step - accuracy: 0.5243 - loss: 0.6899
[1m200/313[0m [32m============[0m[37m========[0m [1m1s[0m 17ms/step - accuracy: 0.5249 - loss: 0.6896
[1m204/313[0m [32m=============[0m[37m=======[0m [1m1s[0m 17ms/step - accuracy: 0.5256 - loss: 0.6893
[1m208/313[0m [32m=============[0m[37m=======[0m [1m1s[0m 17ms/step - accuracy: 0.5263 - loss: 0.6890
[1m212/313[0m [32m=============[0m[37m=======[0m [1m1s[0m 17ms/step - accuracy: 0.5269 - loss: 0.6887
[1m216/313[0m [32m=============[0m[37m=======[0m [1m1s[0m 17ms/step - accuracy: 0.5276 - loss: 0.6884
[1m220/313[0m [32m==============[0m[37m======[0m [1m1s[0m 17ms/step - accuracy: 0.5282 - loss: 0.6881
[1m224/313[0m [32m==============[0m[37m======[0m [1m1s[0m 17ms/step - accuracy: 0.5289 - loss: 0.6878
[1m228/313[0m [32m==============[0m[37m======[0m [1m1s[0m 17ms/step - accuracy: 0.5296 - loss: 0.6875
[1m232/313[0m [32m==============[0m[37m======[0m [1m1s[0m 17ms/step - accuracy: 0.5302 - loss: 0.6872
[1m236/313[0m [32m===============[0m[37m=====[0m [1m1s[0m 17ms/step - accuracy: 0.5309 - loss: 0.6868
[1m240/313[0m [32m===============[0m[37m=====[0m [1m1s[0m 17ms/step - accuracy: 0.5315 - loss: 0.6865
[1m244/313[0m [32m===============[0m[37m=====[0m [1m1s[0m 17ms/step - accuracy: 0.5322 - loss: 0.6862
[1m248/313[0m [32m===============[0m[37m=====[0m [1m1s[0m 17ms/step - accuracy: 0.5328 - loss: 0.6859
[1m252/313[0m [32m================[0m[37m====[0m [1m1s[0m 17ms/step - accuracy: 0.5335 - loss: 0.6855
[1m256/313[0m [32m================[0m[37m====[0m [1m0s[0m 17ms/step - accuracy: 0.5342 - loss: 0.6852
[1m260/313[0m [32m================[0m[37m====[0m [1m0s[0m 17ms/step - accuracy: 0.5348 - loss: 0.6848
[1m263/313[0m [32m================[0m[37m====[0m [1m0s[0m 17ms/step - accuracy: 0.5354 - loss: 0.6845
[1m267/313[0m [32m=================[0m[37m===[0m [1m0s[0m 17ms/step - accuracy: 0.5360 - loss: 0.6842
[1m271/313[0m [32m=================[0m[37m===[0m [1m0s[0m 17ms/step - accuracy: 0.5367 - loss: 0.6838
[1m275/313[0m [32m=================[0m[37m===[0m [1m0s[0m 17ms/step - accuracy: 0.5374 - loss: 0.6834
[1m279/313[0m [32m=================[0m[37m===[0m [1m0s[0m 17ms/step - accuracy: 0.5381 - loss: 0.6830
[1m282/313[0m [32m==================[0m[37m==[0m [1m0s[0m 17ms/step - accuracy: 0.5386 - loss: 0.6827
[1m286/313[0m [32m==================[0m[37m==[0m [1m0s[0m 17ms/step - accuracy: 0.5393 - loss: 0.6823
[1m290/313[0m [32m==================[0m[37m==[0m [1m0s[0m 17ms/step - accuracy: 0.5400 - loss: 0.6819
[1m294/313[0m [32m==================[0m[37m==[0m [1m0s[0m 17ms/step - accuracy: 0.5407 - loss: 0.6814
[1m298/313[0m [32m===================[0m[37m=[0m [1m0s[0m 17ms/step - accuracy: 0.5415 - loss: 0.6810
[1m301/313[0m [32m===================[0m[37m=[0m [1m0s[0m 17ms/step - accuracy: 0.5420 - loss: 0.6806
[1m305/313[0m [32m===================[0m[37m=[0m [1m0s[0m 17ms/step - accuracy: 0.5427 - loss: 0.6802
[1m309/313[0m [32m===================[0m[37m=[0m [1m0s[0m 17ms/step - accuracy: 0.5435 - loss: 0.6797
[1m313/313[0m [32m====================[0m[37m[0m [1m0s[0m 16ms/step - accuracy: 0.5442 - loss: 0.6792
[1m313/313[0m [32m====================[0m[37m[0m [1m8s[0m 19ms/step - accuracy: 0.5444 - loss: 0.6791 - val_accuracy: 0.7774 - val_loss: 0.4842
Epoch 2/3

[1m  1/313[0m [37m====================[0m [1m23s[0m 74ms/step - accuracy: 0.8438 - loss: 0.4039
[1m  4/313[0m [37m====================[0m [1m6s[0m 20ms/step - accuracy: 0.8278 - loss: 0.4137 
[1m  7/313[0m [37m====================[0m [1m5s[0m 19ms/step - accuracy: 0.8207 - loss: 0.4190
[1m 11/313[0m [37m====================[0m [1m5s[0m 18ms/step - accuracy: 0.8241 - loss: 0.4132
[1m 15/313[0m [37m====================[0m [1m5s[0m 17ms/step - accuracy: 0.8250 - loss: 0.4091
[1m 19/313[0m [32m=[0m[37m===================[0m [1m4s[0m 17ms/step - accuracy: 0.8242 - loss: 0.4076
[1m 23/313[0m [32m=[0m[37m===================[0m [1m4s[0m 17ms/step - accuracy: 0.8218 - loss: 0.4092
[1m 27/313[0m [32m=[0m[37m===================[0m [1m4s[0m 17ms/step - accuracy: 0.8193 - loss: 0.4112
[1m 31/313[0m [32m=[0m[37m===================[0m [1m4s[0m 17ms/step - accuracy: 0.8178 - loss: 0.4128
[1m 34/313[0m [32m==[0m[37m==================[0m [1m4s[0m 17ms/step - accuracy: 0.8171 - loss: 0.4134
[1m 38/313[0m [32m==[0m[37m==================[0m [1m4s[0m 16ms/step - accuracy: 0.8167 - loss: 0.4135
[1m 41/313[0m [32m==[0m[37m==================[0m [1m4s[0m 17ms/step - accuracy: 0.8164 - loss: 0.4137
[1m 44/313[0m [32m==[0m[37m==================[0m [1m4s[0m 17ms/step - accuracy: 0.8162 - loss: 0.4138
[1m 47/313[0m [32m===[0m[37m=================[0m [1m4s[0m 17ms/step - accuracy: 0.8160 - loss: 0.4140
[1m 50/313[0m [32m===[0m[37m=================[0m [1m4s[0m 17ms/step - accuracy: 0.8160 - loss: 0.4142
[1m 54/313[0m [32m===[0m[37m=================[0m [1m4s[0m 17ms/step - accuracy: 0.8160 - loss: 0.4144
[1m 58/313[0m [32m===[0m[37m=================[0m [1m4s[0m 17ms/step - accuracy: 0.8161 - loss: 0.4144
[1m 62/313[0m [32m===[0m[37m=================[0m [1m4s[0m 17ms/step - accuracy: 0.8162 - loss: 0.4147
[1m 65/313[0m [32m====[0m[37m================[0m [1m4s[0m 17ms/step - accuracy: 0.8163 - loss: 0.4148
[1m 69/313[0m [32m====[0m[37m================[0m [1m4s[0m 17ms/step - accuracy: 0.8164 - loss: 0.4147
[1m 73/313[0m [32m====[0m[37m================[0m [1m3s[0m 17ms/step - accuracy: 0.8166 - loss: 0.4145
[1m 76/313[0m [32m====[0m[37m================[0m [1m3s[0m 17ms/step - accuracy: 0.8168 - loss: 0.4143
[1m 80/313[0m [32m=====[0m[37m===============[0m [1m3s[0m 17ms/step - accuracy: 0.8171 - loss: 0.4139
[1m 84/313[0m [32m=====[0m[37m===============[0m [1m3s[0m 17ms/step - accuracy: 0.8174 - loss: 0.4134
[1m 88/313[0m [32m=====[0m[37m===============[0m [1m3s[0m 17ms/step - accuracy: 0.8177 - loss: 0.4131
[1m 92/313[0m [32m=====[0m[37m===============[0m [1m3s[0m 17ms/step - accuracy: 0.8180 - loss: 0.4127
[1m 95/313[0m [32m======[0m[37m==============[0m [1m3s[0m 17ms/step - accuracy: 0.8181 - loss: 0.4124
[1m 99/313[0m [32m======[0m[37m==============[0m [1m3s[0m 17ms/step - accuracy: 0.8184 - loss: 0.4119
[1m103/313[0m [32m======[0m[37m==============[0m [1m3s[0m 17ms/step - accuracy: 0.8187 - loss: 0.4114
[1m107/313[0m [32m======[0m[37m==============[0m [1m3s[0m 16ms/step - accuracy: 0.8190 - loss: 0.4110
[1m111/313[0m [32m=======[0m[37m=============[0m [1m3s[0m 16ms/step - accuracy: 0.8193 - loss: 0.4105
[1m115/313[0m [32m=======[0m[37m=============[0m [1m3s[0m 16ms/step - accuracy: 0.8196 - loss: 0.4100
[1m119/313[0m [32m=======[0m[37m=============[0m [1m3s[0m 16ms/step - accuracy: 0.8199 - loss: 0.4095
[1m122/313[0m [32m=======[0m[37m=============[0m [1m3s[0m 16ms/step - accuracy: 0.8201 - loss: 0.4091
[1m126/313[0m [32m========[0m[37m============[0m [1m3s[0m 16ms/step - accuracy: 0.8204 - loss: 0.4087
[1m129/313[0m [32m========[0m[37m============[0m [1m3s[0m 16ms/step - accuracy: 0.8206 - loss: 0.4084
[1m132/313[0m [32m========[0m[37m============[0m [1m2s[0m 16ms/step - accuracy: 0.8208 - loss: 0.4081
[1m136/313[0m [32m========[0m[37m============[0m [1m2s[0m 16ms/step - accuracy: 0.8211 - loss: 0.4076
[1m139/313[0m [32m========[0m[37m============[0m [1m2s[0m 16ms/step - accuracy: 0.8213 - loss: 0.4073
[1m143/313[0m [32m=========[0m[37m===========[0m [1m2s[0m 16ms/step - accuracy: 0.8216 - loss: 0.4069
[1m147/313[0m [32m=========[0m[37m===========[0m [1m2s[0m 16ms/step - accuracy: 0.8218 - loss: 0.4064
[1m151/313[0m [32m=========[0m[37m===========[0m [1m2s[0m 16ms/step - accuracy: 0.8221 - loss: 0.4060
[1m154/313[0m [32m=========[0m[37m===========[0m [1m2s[0m 16ms/step - accuracy: 0.8222 - loss: 0.4057
[1m158/313[0m [32m==========[0m[37m==========[0m [1m2s[0m 16ms/step - accuracy: 0.8224 - loss: 0.4053
[1m162/313[0m [32m==========[0m[37m==========[0m [1m2s[0m 16ms/step - accuracy: 0.8226 - loss: 0.4049
[1m165/313[0m [32m==========[0m[37m==========[0m [1m2s[0m 16ms/step - accuracy: 0.8227 - loss: 0.4047
[1m168/313[0m [32m==========[0m[37m==========[0m [1m2s[0m 16ms/step - accuracy: 0.8228 - loss: 0.4045
[1m172/313[0m [32m==========[0m[37m==========[0m [1m2s[0m 16ms/step - accuracy: 0.8230 - loss: 0.4042
[1m176/313[0m [32m===========[0m[37m=========[0m [1m2s[0m 16ms/step - accuracy: 0.8231 - loss: 0.4039
[1m180/313[0m [32m===========[0m[37m=========[0m [1m2s[0m 16ms/step - accuracy: 0.8232 - loss: 0.4036
[1m184/313[0m [32m===========[0m[37m=========[0m [1m2s[0m 16ms/step - accuracy: 0.8234 - loss: 0.4034
[1m188/313[0m [32m============[0m[37m========[0m [1m2s[0m 16ms/step - accuracy: 0.8235 - loss: 0.4032
[1m192/313[0m [32m============[0m[37m========[0m [1m1s[0m 16ms/step - accuracy: 0.8236 - loss: 0.4029
[1m196/313[0m [32m============[0m[37m========[0m [1m1s[0m 16ms/step - accuracy: 0.8237 - loss: 0.4027
[1m200/313[0m [32m============[0m[37m========[0m [1m1s[0m 16ms/step - accuracy: 0.8238 - loss: 0.4024
[1m203/313[0m [32m============[0m[37m========[0m [1m1s[0m 16ms/step - accuracy: 0.8239 - loss: 0.4022
[1m207/313[0m [32m=============[0m[37m=======[0m [1m1s[0m 16ms/step - accuracy: 0.8241 - loss: 0.4019
[1m211/313[0m [32m=============[0m[37m=======[0m [1m1s[0m 16ms/step - accuracy: 0.8242 - loss: 0.4017
[1m215/313[0m [32m=============[0m[37m=======[0m [1m1s[0m 16ms/step - accuracy: 0.8243 - loss: 0.4015
[1m219/313[0m [32m=============[0m[37m=======[0m [1m1s[0m 16ms/step - accuracy: 0.8244 - loss: 0.4013
[1m223/313[0m [32m==============[0m[37m======[0m [1m1s[0m 16ms/step - accuracy: 0.8245 - loss: 0.4011
[1m227/313[0m [32m==============[0m[37m======[0m [1m1s[0m 16ms/step - accuracy: 0.8246 - loss: 0.4009
[1m231/313[0m [32m==============[0m[37m======[0m [1m1s[0m 16ms/step - accuracy: 0.8247 - loss: 0.4008
[1m235/313[0m [32m===============[0m[37m=====[0m [1m1s[0m 16ms/step - accuracy: 0.8247 - loss: 0.4007
[1m239/313[0m [32m===============[0m[37m=====[0m [1m1s[0m 16ms/step - accuracy: 0.8248 - loss: 0.4007
[1m243/313[0m [32m===============[0m[37m=====[0m [1m1s[0m 16ms/step - accuracy: 0.8248 - loss: 0.4007
[1m247/313[0m [32m===============[0m[37m=====[0m [1m1s[0m 16ms/step - accuracy: 0.8248 - loss: 0.4007
[1m251/313[0m [32m================[0m[37m====[0m [1m1s[0m 16ms/step - accuracy: 0.8248 - loss: 0.4008
[1m254/313[0m [32m================[0m[37m====[0m [1m0s[0m 16ms/step - accuracy: 0.8248 - loss: 0.4008
[1m258/313[0m [32m================[0m[37m====[0m [1m0s[0m 16ms/step - accuracy: 0.8248 - loss: 0.4008
[1m261/313[0m [32m================[0m[37m====[0m [1m0s[0m 16ms/step - accuracy: 0.8248 - loss: 0.4008
[1m264/313[0m [32m================[0m[37m====[0m [1m0s[0m 16ms/step - accuracy: 0.8248 - loss: 0.4009
[1m267/313[0m [32m=================[0m[37m===[0m [1m0s[0m 16ms/step - accuracy: 0.8248 - loss: 0.4009
[1m271/313[0m [32m=================[0m[37m===[0m [1m0s[0m 16ms/step - accuracy: 0.8248 - loss: 0.4009
[1m275/313[0m [32m=================[0m[37m===[0m [1m0s[0m 16ms/step - accuracy: 0.8248 - loss: 0.4009
[1m278/313[0m [32m=================[0m[37m===[0m [1m0s[0m 16ms/step - accuracy: 0.8249 - loss: 0.4009
[1m282/313[0m [32m==================[0m[37m==[0m [1m0s[0m 16ms/step - accuracy: 0.8249 - loss: 0.4008
[1m286/313[0m [32m==================[0m[37m==[0m [1m0s[0m 16ms/step - accuracy: 0.8249 - loss: 0.4008
[1m290/313[0m [32m==================[0m[37m==[0m [1m0s[0m 16ms/step - accuracy: 0.8250 - loss: 0.4008
[1m294/313[0m [32m==================[0m[37m==[0m [1m0s[0m 16ms/step - accuracy: 0.8250 - loss: 0.4007
[1m298/313[0m [32m===================[0m[37m=[0m [1m0s[0m 16ms/step - accuracy: 0.8251 - loss: 0.4007
[1m302/313[0m [32m===================[0m[37m=[0m [1m0s[0m 16ms/step - accuracy: 0.8252 - loss: 0.4006
[1m306/313[0m [32m===================[0m[37m=[0m [1m0s[0m 16ms/step - accuracy: 0.8252 - loss: 0.4005
[1m310/313[0m [32m===================[0m[37m=[0m [1m0s[0m 16ms/step - accuracy: 0.8253 - loss: 0.4005
[1m313/313[0m [32m====================[0m[37m[0m [1m6s[0m 18ms/step - accuracy: 0.8254 - loss: 0.4004 - val_accuracy: 0.8012 - val_loss: 0.4375
Epoch 3/3

[1m  1/313[0m [37m====================[0m [1m15s[0m 49ms/step - accuracy: 0.8594 - loss: 0.2980
[1m  3/313[0m [37m====================[0m [1m7s[0m 26ms/step - accuracy: 0.8898 - loss: 0.2817 
[1m  6/313[0m [37m====================[0m [1m6s[0m 20ms/step - accuracy: 0.8965 - loss: 0.2741
[1m 10/313[0m [37m====================[0m [1m5s[0m 18ms/step - accuracy: 0.8997 - loss: 0.2697
[1m 14/313[0m [37m====================[0m [1m5s[0m 18ms/step - accuracy: 0.9009 - loss: 0.2678
[1m 18/313[0m [32m=[0m[37m===================[0m [1m5s[0m 17ms/step - accuracy: 0.9014 - loss: 0.2661
[1m 22/313[0m [32m=[0m[37m===================[0m [1m5s[0m 17ms/step - accuracy: 0.9020 - loss: 0.2646
[1m 26/313[0m [32m=[0m[37m===================[0m [1m4s[0m 17ms/step - accuracy: 0.9020 - loss: 0.2640
[1m 30/313[0m [32m=[0m[37m===================[0m [1m4s[0m 17ms/step - accuracy: 0.9022 - loss: 0.2629
[1m 34/313[0m [32m==[0m[37m==================[0m [1m4s[0m 17ms/step - accuracy: 0.9018 - loss: 0.2625
[1m 37/313[0m [32m==[0m[37m==================[0m [1m4s[0m 17ms/step - accuracy: 0.9010 - loss: 0.2637
[1m 41/313[0m [32m==[0m[37m==================[0m [1m4s[0m 17ms/step - accuracy: 0.8993 - loss: 0.2668
[1m 45/313[0m [32m==[0m[37m==================[0m [1m4s[0m 17ms/step - accuracy: 0.8980 - loss: 0.2694
[1m 49/313[0m [32m===[0m[37m=================[0m [1m4s[0m 17ms/step - accuracy: 0.8969 - loss: 0.2718
[1m 53/313[0m [32m===[0m[37m=================[0m [1m4s[0m 17ms/step - accuracy: 0.8957 - loss: 0.2741
[1m 57/313[0m [32m===[0m[37m=================[0m [1m4s[0m 17ms/step - accuracy: 0.8948 - loss: 0.2762
[1m 61/313[0m [32m===[0m[37m=================[0m [1m4s[0m 17ms/step - accuracy: 0.8942 - loss: 0.2778
[1m 64/313[0m [32m====[0m[37m================[0m [1m4s[0m 17ms/step - accuracy: 0.8939 - loss: 0.2788
[1m 68/313[0m [32m====[0m[37m================[0m [1m4s[0m 17ms/step - accuracy: 0.8935 - loss: 0.2798
[1m 72/313[0m [32m====[0m[37m================[0m [1m3s[0m 17ms/step - accuracy: 0.8932 - loss: 0.2805
[1m 76/313[0m [32m====[0m[37m================[0m [1m3s[0m 16ms/step - accuracy: 0.8931 - loss: 0.2810
[1m 80/313[0m [32m=====[0m[37m===============[0m [1m3s[0m 16ms/step - accuracy: 0.8930 - loss: 0.2814
[1m 84/313[0m [32m=====[0m[37m===============[0m [1m3s[0m 16ms/step - accuracy: 0.8930 - loss: 0.2816
[1m 88/313[0m [32m=====[0m[37m===============[0m [1m3s[0m 16ms/step - accuracy: 0.8929 - loss: 0.2818
[1m 92/313[0m [32m=====[0m[37m===============[0m [1m3s[0m 16ms/step - accuracy: 0.8929 - loss: 0.2818
[1m 95/313[0m [32m======[0m[37m==============[0m [1m3s[0m 16ms/step - accuracy: 0.8928 - loss: 0.2818
[1m 98/313[0m [32m======[0m[37m==============[0m [1m3s[0m 16ms/step - accuracy: 0.8928 - loss: 0.2818
[1m102/313[0m [32m======[0m[37m==============[0m [1m3s[0m 16ms/step - accuracy: 0.8927 - loss: 0.2818
[1m106/313[0m [32m======[0m[37m==============[0m [1m3s[0m 16ms/step - accuracy: 0.8927 - loss: 0.2817
[1m110/313[0m [32m=======[0m[37m=============[0m [1m3s[0m 16ms/step - accuracy: 0.8927 - loss: 0.2816
[1m113/313[0m [32m=======[0m[37m=============[0m [1m3s[0m 16ms/step - accuracy: 0.8927 - loss: 0.2817
[1m117/313[0m [32m=======[0m[37m=============[0m [1m3s[0m 16ms/step - accuracy: 0.8925 - loss: 0.2819
[1m121/313[0m [32m=======[0m[37m=============[0m [1m3s[0m 16ms/step - accuracy: 0.8924 - loss: 0.2821
[1m124/313[0m [32m=======[0m[37m=============[0m [1m3s[0m 17ms/step - accuracy: 0.8922 - loss: 0.2823
[1m128/313[0m [32m========[0m[37m============[0m [1m3s[0m 17ms/step - accuracy: 0.8920 - loss: 0.2827
[1m132/313[0m [32m========[0m[37m============[0m [1m2s[0m 16ms/step - accuracy: 0.8917 - loss: 0.2831
[1m136/313[0m [32m========[0m[37m============[0m [1m2s[0m 16ms/step - accuracy: 0.8914 - loss: 0.2835
[1m140/313[0m [32m========[0m[37m============[0m [1m2s[0m 16ms/step - accuracy: 0.8912 - loss: 0.2839
[1m144/313[0m [32m=========[0m[37m===========[0m [1m2s[0m 16ms/step - accuracy: 0.8909 - loss: 0.2842
[1m148/313[0m [32m=========[0m[37m===========[0m [1m2s[0m 16ms/step - accuracy: 0.8908 - loss: 0.2845
[1m152/313[0m [32m=========[0m[37m===========[0m [1m2s[0m 16ms/step - accuracy: 0.8906 - loss: 0.2847
[1m156/313[0m [32m=========[0m[37m===========[0m [1m2s[0m 16ms/step - accuracy: 0.8904 - loss: 0.2849
[1m160/313[0m [32m==========[0m[37m==========[0m [1m2s[0m 16ms/step - accuracy: 0.8902 - loss: 0.2851
[1m164/313[0m [32m==========[0m[37m==========[0m [1m2s[0m 16ms/step - accuracy: 0.8901 - loss: 0.2853
[1m168/313[0m [32m==========[0m[37m==========[0m [1m2s[0m 16ms/step - accuracy: 0.8899 - loss: 0.2856
[1m172/313[0m [32m==========[0m[37m==========[0m [1m2s[0m 16ms/step - accuracy: 0.8897 - loss: 0.2858
[1m176/313[0m [32m===========[0m[37m=========[0m [1m2s[0m 16ms/step - accuracy: 0.8896 - loss: 0.2860
[1m180/313[0m [32m===========[0m[37m=========[0m [1m2s[0m 16ms/step - accuracy: 0.8894 - loss: 0.2861
[1m184/313[0m [32m===========[0m[37m=========[0m [1m2s[0m 16ms/step - accuracy: 0.8893 - loss: 0.2863
[1m187/313[0m [32m===========[0m[37m=========[0m [1m2s[0m 16ms/step - accuracy: 0.8892 - loss: 0.2864
[1m191/313[0m [32m============[0m[37m========[0m [1m1s[0m 16ms/step - accuracy: 0.8891 - loss: 0.2865
[1m195/313[0m [32m============[0m[37m========[0m [1m1s[0m 16ms/step - accuracy: 0.8890 - loss: 0.2866
[1m199/313[0m [32m============[0m[37m========[0m [1m1s[0m 16ms/step - accuracy: 0.8889 - loss: 0.2866
[1m203/313[0m [32m============[0m[37m========[0m [1m1s[0m 16ms/step - accuracy: 0.8889 - loss: 0.2867
[1m207/313[0m [32m=============[0m[37m=======[0m [1m1s[0m 16ms/step - accuracy: 0.8888 - loss: 0.2867
[1m211/313[0m [32m=============[0m[37m=======[0m [1m1s[0m 16ms/step - accuracy: 0.8888 - loss: 0.2867
[1m215/313[0m [32m=============[0m[37m=======[0m [1m1s[0m 16ms/step - accuracy: 0.8888 - loss: 0.2867
[1m218/313[0m [32m=============[0m[37m=======[0m [1m1s[0m 16ms/step - accuracy: 0.8887 - loss: 0.2867
[1m221/313[0m [32m==============[0m[37m======[0m [1m1s[0m 16ms/step - accuracy: 0.8887 - loss: 0.2866
[1m224/313[0m [32m==============[0m[37m======[0m [1m1s[0m 16ms/step - accuracy: 0.8887 - loss: 0.2866
[1m227/313[0m [32m==============[0m[37m======[0m [1m1s[0m 16ms/step - accuracy: 0.8887 - loss: 0.2865
[1m231/313[0m [32m==============[0m[37m======[0m [1m1s[0m 16ms/step - accuracy: 0.8887 - loss: 0.2865
[1m235/313[0m [32m===============[0m[37m=====[0m [1m1s[0m 16ms/step - accuracy: 0.8887 - loss: 0.2864
[1m239/313[0m [32m===============[0m[37m=====[0m [1m1s[0m 16ms/step - accuracy: 0.8887 - loss: 0.2864
[1m242/313[0m [32m===============[0m[37m=====[0m [1m1s[0m 16ms/step - accuracy: 0.8887 - loss: 0.2863
[1m246/313[0m [32m===============[0m[37m=====[0m [1m1s[0m 16ms/step - accuracy: 0.8887 - loss: 0.2863
[1m249/313[0m [32m===============[0m[37m=====[0m [1m1s[0m 16ms/step - accuracy: 0.8887 - loss: 0.2862
[1m253/313[0m [32m================[0m[37m====[0m [1m0s[0m 16ms/step - accuracy: 0.8886 - loss: 0.2862
[1m257/313[0m [32m================[0m[37m====[0m [1m0s[0m 16ms/step - accuracy: 0.8886 - loss: 0.2861
[1m261/313[0m [32m================[0m[37m====[0m [1m0s[0m 16ms/step - accuracy: 0.8886 - loss: 0.2860
[1m265/313[0m [32m================[0m[37m====[0m [1m0s[0m 16ms/step - accuracy: 0.8886 - loss: 0.2860
[1m269/313[0m [32m=================[0m[37m===[0m [1m0s[0m 16ms/step - accuracy: 0.8886 - loss: 0.2859
[1m273/313[0m [32m=================[0m[37m===[0m [1m0s[0m 16ms/step - accuracy: 0.8886 - loss: 0.2858
[1m277/313[0m [32m=================[0m[37m===[0m [1m0s[0m 16ms/step - accuracy: 0.8886 - loss: 0.2858
[1m281/313[0m [32m=================[0m[37m===[0m [1m0s[0m 16ms/step - accuracy: 0.8886 - loss: 0.2857
[1m285/313[0m [32m==================[0m[37m==[0m [1m0s[0m 16ms/step - accuracy: 0.8886 - loss: 0.2857
[1m288/313[0m [32m==================[0m[37m==[0m [1m0s[0m 16ms/step - accuracy: 0.8886 - loss: 0.2857
[1m292/313[0m [32m==================[0m[37m==[0m [1m0s[0m 16ms/step - accuracy: 0.8886 - loss: 0.2857
[1m296/313[0m [32m==================[0m[37m==[0m [1m0s[0m 16ms/step - accuracy: 0.8885 - loss: 0.2857
[1m300/313[0m [32m===================[0m[37m=[0m [1m0s[0m 16ms/step - accuracy: 0.8885 - loss: 0.2857
[1m304/313[0m [32m===================[0m[37m=[0m [1m0s[0m 16ms/step - accuracy: 0.8884 - loss: 0.2858
[1m308/313[0m [32m===================[0m[37m=[0m [1m0s[0m 16ms/step - accuracy: 0.8884 - loss: 0.2858
[1m311/313[0m [32m===================[0m[37m=[0m [1m0s[0m 16ms/step - accuracy: 0.8884 - loss: 0.2858
[1m313/313[0m [32m====================[0m[37m[0m [1m6s[0m 18ms/step - accuracy: 0.8884 - loss: 0.2858 - val_accuracy: 0.8082 - val_loss: 0.4761
Test Accuracy: 0.81

[Done] exited with code=0 in 89.704 seconds

