[Running] python -u "c:\Users\ragha\Desktop\DLT LAB\exp.no4\exp no 4.py"
2025-06-18 01:22:44.387966: I tensorflow/core/util/port.cc:153] oneDNN custom operations are on. You may see slightly different numerical results due to floating-point round-off errors from different computation orders. To turn them off, set the environment variable `TF_ENABLE_ONEDNN_OPTS=0`.
2025-06-18 01:22:57.403104: I tensorflow/core/util/port.cc:153] oneDNN custom operations are on. You may see slightly different numerical results due to floating-point round-off errors from different computation orders. To turn them off, set the environment variable `TF_ENABLE_ONEDNN_OPTS=0`.
A local file was found, but it seems to be incomplete or outdated because the auto file hash does not match the original value of 731c5ac602752760c8e48fbffcf8c3b850d9dc2a2aedcf2cc48468fc17b673d1 so we will re-download the data.
Downloading data from https://storage.googleapis.com/tensorflow/tf-keras-datasets/mnist.npz

[1m       0/11490434[0m [37m====================[0m [1m0s[0m 0s/step
[1m   16384/11490434[0m [37m====================[0m [1m38s[0m 3us/step
[1m   32768/11490434[0m [37m====================[0m [1m38s[0m 3us/step
[1m   49152/11490434[0m [37m====================[0m [1m1:05[0m 6us/step
[1m   65536/11490434[0m [37m====================[0m [1m58s[0m 5us/step 
[1m   81920/11490434[0m [37m====================[0m [1m1:37[0m 9us/step
[1m  131072/11490434[0m [37m====================[0m [1m1:06[0m 6us/step
[1m  172032/11490434[0m [37m====================[0m [1m57s[0m 5us/step 
[1m  237568/11490434[0m [37m====================[0m [1m46s[0m 4us/step
[1m  294912/11490434[0m [37m====================[0m [1m43s[0m 4us/step
[1m  393216/11490434[0m [37m====================[0m [1m33s[0m 3us/step
[1m  409600/11490434[0m [37m====================[0m [1m36s[0m 3us/step
[1m  573440/11490434[0m [37m====================[0m [1m27s[0m 3us/step
[1m  671744/11490434[0m [32m=[0m[37m===================[0m [1m26s[0m 2us/step
[1m  950272/11490434[0m [32m=[0m[37m===================[0m [1m19s[0m 2us/step
[1m  966656/11490434[0m [32m=[0m[37m===================[0m [1m19s[0m 2us/step
[1m 1310720/11490434[0m [32m==[0m[37m==================[0m [1m14s[0m 1us/step
[1m 1392640/11490434[0m [32m==[0m[37m==================[0m [1m14s[0m 1us/step
[1m 1736704/11490434[0m [32m===[0m[37m=================[0m [1m12s[0m 1us/step
[1m 2383872/11490434[0m [32m====[0m[37m================[0m [1m8s[0m 1us/step 
[1m 2482176/11490434[0m [32m====[0m[37m================[0m [1m9s[0m 1us/step
[1m 3170304/11490434[0m [32m=====[0m[37m===============[0m [1m6s[0m 1us/step
[1m 3563520/11490434[0m [32m======[0m[37m==============[0m [1m6s[0m 1us/step
[1m 3809280/11490434[0m [32m======[0m[37m==============[0m [1m5s[0m 1us/step
[1m 3858432/11490434[0m [32m======[0m[37m==============[0m [1m5s[0m 1us/step
[1m 3891200/11490434[0m [32m======[0m[37m==============[0m [1m5s[0m 1us/step
[1m 4268032/11490434[0m [32m=======[0m[37m=============[0m [1m5s[0m 1us/step
[1m 4497408/11490434[0m [32m=======[0m[37m=============[0m [1m4s[0m 1us/step
[1m 4612096/11490434[0m [32m========[0m[37m============[0m [1m4s[0m 1us/step
[1m 5169152/11490434[0m [32m========[0m[37m============[0m [1m4s[0m 1us/step
[1m 5595136/11490434[0m [32m=========[0m[37m===========[0m [1m3s[0m 1us/step
[1m 5709824/11490434[0m [32m=========[0m[37m===========[0m [1m3s[0m 1us/step
[1m 5808128/11490434[0m [32m==========[0m[37m==========[0m [1m3s[0m 1us/step
[1m 5824512/11490434[0m [32m==========[0m[37m==========[0m [1m3s[0m 1us/step
[1m 6299648/11490434[0m [32m==========[0m[37m==========[0m [1m3s[0m 1us/step
[1m 6578176/11490434[0m [32m===========[0m[37m=========[0m [1m2s[0m 1us/step
[1m 6594560/11490434[0m [32m===========[0m[37m=========[0m [1m2s[0m 1us/step
[1m 7053312/11490434[0m [32m============[0m[37m========[0m [1m2s[0m 1us/step
[1m 7069696/11490434[0m [32m============[0m[37m========[0m [1m2s[0m 1us/step
[1m 7479296/11490434[0m [32m=============[0m[37m=======[0m [1m2s[0m 1us/step
[1m 7806976/11490434[0m [32m=============[0m[37m=======[0m [1m2s[0m 1us/step
[1m 7938048/11490434[0m [32m=============[0m[37m=======[0m [1m2s[0m 1us/step
[1m 8265728/11490434[0m [32m==============[0m[37m======[0m [1m1s[0m 1us/step
[1m 8413184/11490434[0m [32m==============[0m[37m======[0m [1m1s[0m 1us/step
[1m 8724480/11490434[0m [32m===============[0m[37m=====[0m [1m1s[0m 1us/step
[1m 8921088/11490434[0m [32m===============[0m[37m=====[0m [1m1s[0m 1us/step
[1m 9412608/11490434[0m [32m================[0m[37m====[0m [1m1s[0m 1us/step
[1m 9871360/11490434[0m [32m=================[0m[37m===[0m [1m0s[0m 1us/step
[1m 9920512/11490434[0m [32m=================[0m[37m===[0m [1m0s[0m 1us/step
[1m10199040/11490434[0m [32m=================[0m[37m===[0m [1m0s[0m 1us/step
[1m10788864/11490434[0m [32m==================[0m[37m==[0m [1m0s[0m 0us/step
[1m11165696/11490434[0m [32m===================[0m[37m=[0m [1m0s[0m 0us/step
[1m11490434/11490434[0m [32m====================[0m[37m[0m [1m5s[0m 0us/step
C:\Users\ragha\AppData\Local\Packages\PythonSoftwareFoundation.Python.3.12_qbz5n2kfra8p0\LocalCache\local-packages\Python312\site-packages\keras\src\layers\convolutional\base_conv.py:113: UserWarning: Do not pass an `input_shape`/`input_dim` argument to a layer. When using Sequential models, prefer using an `Input(shape)` object as the first layer in the model instead.
  super().__init__(activity_regularizer=activity_regularizer, **kwargs)
2025-06-18 01:23:35.352823: I tensorflow/core/platform/cpu_feature_guard.cc:210] This TensorFlow binary is optimized to use available CPU instructions in performance-critical operations.
To enable the following instructions: SSE3 SSE4.1 SSE4.2 AVX AVX2 AVX_VNNI FMA, in other operations, rebuild TensorFlow with the appropriate compiler flags.
Epoch 1/5

[1m   1/1875[0m [37m====================[0m [1m30:57[0m 991ms/step - accuracy: 0.0625 - loss: 2.3226
[1m   8/1875[0m [37m====================[0m [1m14s[0m 8ms/step - accuracy: 0.2117 - loss: 2.1805    
[1m  17/1875[0m [37m====================[0m [1m12s[0m 7ms/step - accuracy: 0.3331 - loss: 1.9991
[1m  28/1875[0m [37m====================[0m [1m10s[0m 6ms/step - accuracy: 0.4328 - loss: 1.7862
[1m  39/1875[0m [37m====================[0m [1m10s[0m 5ms/step - accuracy: 0.4982 - loss: 1.6158
[1m  50/1875[0m [37m====================[0m [1m9s[0m 5ms/step - accuracy: 0.5449 - loss: 1.4834 
[1m  62/1875[0m [37m====================[0m [1m9s[0m 5ms/step - accuracy: 0.5822 - loss: 1.3702
[1m  74/1875[0m [37m====================[0m [1m9s[0m 5ms/step - accuracy: 0.6116 - loss: 1.2793
[1m  85/1875[0m [37m====================[0m [1m8s[0m 5ms/step - accuracy: 0.6335 - loss: 1.2108
[1m  97/1875[0m [32m=[0m[37m===================[0m [1m8s[0m 5ms/step - accuracy: 0.6532 - loss: 1.1473
[1m 109/1875[0m [32m=[0m[37m===================[0m [1m8s[0m 5ms/step - accuracy: 0.6698 - loss: 1.0935
[1m 121/1875[0m [32m=[0m[37m===================[0m [1m8s[0m 5ms/step - accuracy: 0.6840 - loss: 1.0468
[1m 133/1875[0m [32m=[0m[37m===================[0m [1m8s[0m 5ms/step - accuracy: 0.6964 - loss: 1.0060
[1m 145/1875[0m [32m=[0m[37m===================[0m [1m8s[0m 5ms/step - accuracy: 0.7074 - loss: 0.9698
[1m 157/1875[0m [32m=[0m[37m===================[0m [1m8s[0m 5ms/step - accuracy: 0.7173 - loss: 0.9375
[1m 169/1875[0m [32m=[0m[37m===================[0m [1m7s[0m 5ms/step - accuracy: 0.7262 - loss: 0.9083
[1m 181/1875[0m [32m=[0m[37m===================[0m [1m7s[0m 5ms/step - accuracy: 0.7342 - loss: 0.8818
[1m 193/1875[0m [32m==[0m[37m==================[0m [1m7s[0m 5ms/step - accuracy: 0.7416 - loss: 0.8576
[1m 205/1875[0m [32m==[0m[37m==================[0m [1m7s[0m 5ms/step - accuracy: 0.7483 - loss: 0.8354
[1m 217/1875[0m [32m==[0m[37m==================[0m [1m7s[0m 5ms/step - accuracy: 0.7545 - loss: 0.8150
[1m 229/1875[0m [32m==[0m[37m==================[0m [1m7s[0m 5ms/step - accuracy: 0.7603 - loss: 0.7960
[1m 241/1875[0m [32m==[0m[37m==================[0m [1m7s[0m 5ms/step - accuracy: 0.7657 - loss: 0.7782
[1m 253/1875[0m [32m==[0m[37m==================[0m [1m7s[0m 5ms/step - accuracy: 0.7707 - loss: 0.7617
[1m 265/1875[0m [32m==[0m[37m==================[0m [1m7s[0m 5ms/step - accuracy: 0.7753 - loss: 0.7463
[1m 277/1875[0m [32m==[0m[37m==================[0m [1m7s[0m 5ms/step - accuracy: 0.7796 - loss: 0.7318
[1m 289/1875[0m [32m===[0m[37m=================[0m [1m7s[0m 5ms/step - accuracy: 0.7837 - loss: 0.7182
[1m 301/1875[0m [32m===[0m[37m=================[0m [1m7s[0m 5ms/step - accuracy: 0.7875 - loss: 0.7053
[1m 313/1875[0m [32m===[0m[37m=================[0m [1m7s[0m 5ms/step - accuracy: 0.7911 - loss: 0.6931
[1m 322/1875[0m [32m===[0m[37m=================[0m [1m7s[0m 5ms/step - accuracy: 0.7937 - loss: 0.6844
[1m 334/1875[0m [32m===[0m[37m=================[0m [1m7s[0m 5ms/step - accuracy: 0.7970 - loss: 0.6734
[1m 346/1875[0m [32m===[0m[37m=================[0m [1m6s[0m 5ms/step - accuracy: 0.8001 - loss: 0.6628
[1m 358/1875[0m [32m===[0m[37m=================[0m [1m6s[0m 5ms/step - accuracy: 0.8031 - loss: 0.6528
[1m 370/1875[0m [32m===[0m[37m=================[0m [1m6s[0m 5ms/step - accuracy: 0.8060 - loss: 0.6432
[1m 382/1875[0m [32m====[0m[37m================[0m [1m6s[0m 5ms/step - accuracy: 0.8088 - loss: 0.6340
[1m 394/1875[0m [32m====[0m[37m================[0m [1m6s[0m 5ms/step - accuracy: 0.8114 - loss: 0.6252
[1m 406/1875[0m [32m====[0m[37m================[0m [1m6s[0m 5ms/step - accuracy: 0.8140 - loss: 0.6167
[1m 418/1875[0m [32m====[0m[37m================[0m [1m6s[0m 5ms/step - accuracy: 0.8164 - loss: 0.6085
[1m 430/1875[0m [32m====[0m[37m================[0m [1m6s[0m 5ms/step - accuracy: 0.8188 - loss: 0.6007
[1m 442/1875[0m [32m====[0m[37m================[0m [1m6s[0m 5ms/step - accuracy: 0.8211 - loss: 0.5930
[1m 454/1875[0m [32m====[0m[37m================[0m [1m6s[0m 5ms/step - accuracy: 0.8233 - loss: 0.5857
[1m 466/1875[0m [32m====[0m[37m================[0m [1m6s[0m 5ms/step - accuracy: 0.8255 - loss: 0.5786
[1m 478/1875[0m [32m=====[0m[37m===============[0m [1m6s[0m 5ms/step - accuracy: 0.8275 - loss: 0.5718
[1m 490/1875[0m [32m=====[0m[37m===============[0m [1m6s[0m 4ms/step - accuracy: 0.8295 - loss: 0.5652
[1m 502/1875[0m [32m=====[0m[37m===============[0m [1m6s[0m 4ms/step - accuracy: 0.8314 - loss: 0.5588
[1m 514/1875[0m [32m=====[0m[37m===============[0m [1m6s[0m 4ms/step - accuracy: 0.8333 - loss: 0.5526
[1m 526/1875[0m [32m=====[0m[37m===============[0m [1m6s[0m 4ms/step - accuracy: 0.8351 - loss: 0.5466
[1m 538/1875[0m [32m=====[0m[37m===============[0m [1m5s[0m 4ms/step - accuracy: 0.8368 - loss: 0.5408
[1m 550/1875[0m [32m=====[0m[37m===============[0m [1m5s[0m 4ms/step - accuracy: 0.8385 - loss: 0.5352
[1m 562/1875[0m [32m=====[0m[37m===============[0m [1m5s[0m 4ms/step - accuracy: 0.8401 - loss: 0.5297
[1m 574/1875[0m [32m======[0m[37m==============[0m [1m5s[0m 4ms/step - accuracy: 0.8417 - loss: 0.5245
[1m 586/1875[0m [32m======[0m[37m==============[0m [1m5s[0m 4ms/step - accuracy: 0.8433 - loss: 0.5193
[1m 598/1875[0m [32m======[0m[37m==============[0m [1m5s[0m 4ms/step - accuracy: 0.8447 - loss: 0.5143
[1m 610/1875[0m [32m======[0m[37m==============[0m [1m5s[0m 4ms/step - accuracy: 0.8462 - loss: 0.5095
[1m 622/1875[0m [32m======[0m[37m==============[0m [1m5s[0m 4ms/step - accuracy: 0.8476 - loss: 0.5048
[1m 634/1875[0m [32m======[0m[37m==============[0m [1m5s[0m 4ms/step - accuracy: 0.8490 - loss: 0.5002
[1m 645/1875[0m [32m======[0m[37m==============[0m [1m5s[0m 4ms/step - accuracy: 0.8502 - loss: 0.4960
[1m 657/1875[0m [32m=======[0m[37m=============[0m [1m5s[0m 4ms/step - accuracy: 0.8515 - loss: 0.4917
[1m 669/1875[0m [32m=======[0m[37m=============[0m [1m5s[0m 4ms/step - accuracy: 0.8528 - loss: 0.4874
[1m 681/1875[0m [32m=======[0m[37m=============[0m [1m5s[0m 4ms/step - accuracy: 0.8541 - loss: 0.4833
[1m 693/1875[0m [32m=======[0m[37m=============[0m [1m5s[0m 4ms/step - accuracy: 0.8553 - loss: 0.4792
[1m 705/1875[0m [32m=======[0m[37m=============[0m [1m5s[0m 4ms/step - accuracy: 0.8565 - loss: 0.4753
[1m 717/1875[0m [32m=======[0m[37m=============[0m [1m5s[0m 4ms/step - accuracy: 0.8576 - loss: 0.4714
[1m 729/1875[0m [32m=======[0m[37m=============[0m [1m5s[0m 4ms/step - accuracy: 0.8587 - loss: 0.4677
[1m 741/1875[0m [32m=======[0m[37m=============[0m [1m5s[0m 4ms/step - accuracy: 0.8599 - loss: 0.4640
[1m 753/1875[0m [32m========[0m[37m============[0m [1m4s[0m 4ms/step - accuracy: 0.8609 - loss: 0.4604
[1m 765/1875[0m [32m========[0m[37m============[0m [1m4s[0m 4ms/step - accuracy: 0.8620 - loss: 0.4569
[1m 777/1875[0m [32m========[0m[37m============[0m [1m4s[0m 4ms/step - accuracy: 0.8630 - loss: 0.4534
[1m 789/1875[0m [32m========[0m[37m============[0m [1m4s[0m 4ms/step - accuracy: 0.8640 - loss: 0.4501
[1m 801/1875[0m [32m========[0m[37m============[0m [1m4s[0m 4ms/step - accuracy: 0.8650 - loss: 0.4468
[1m 813/1875[0m [32m========[0m[37m============[0m [1m4s[0m 4ms/step - accuracy: 0.8660 - loss: 0.4435
[1m 825/1875[0m [32m========[0m[37m============[0m [1m4s[0m 4ms/step - accuracy: 0.8669 - loss: 0.4404
[1m 837/1875[0m [32m========[0m[37m============[0m [1m4s[0m 4ms/step - accuracy: 0.8679 - loss: 0.4373
[1m 849/1875[0m [32m=========[0m[37m===========[0m [1m4s[0m 4ms/step - accuracy: 0.8688 - loss: 0.4342
[1m 861/1875[0m [32m=========[0m[37m===========[0m [1m4s[0m 4ms/step - accuracy: 0.8697 - loss: 0.4312
[1m 873/1875[0m [32m=========[0m[37m===========[0m [1m4s[0m 4ms/step - accuracy: 0.8706 - loss: 0.4283
[1m 884/1875[0m [32m=========[0m[37m===========[0m [1m4s[0m 4ms/step - accuracy: 0.8714 - loss: 0.4257
[1m 894/1875[0m [32m=========[0m[37m===========[0m [1m4s[0m 4ms/step - accuracy: 0.8721 - loss: 0.4233
[1m 904/1875[0m [32m=========[0m[37m===========[0m [1m4s[0m 4ms/step - accuracy: 0.8728 - loss: 0.4210
[1m 913/1875[0m [32m=========[0m[37m===========[0m [1m4s[0m 4ms/step - accuracy: 0.8734 - loss: 0.4190
[1m 923/1875[0m [32m=========[0m[37m===========[0m [1m4s[0m 4ms/step - accuracy: 0.8740 - loss: 0.4168
[1m 931/1875[0m [32m=========[0m[37m===========[0m [1m4s[0m 4ms/step - accuracy: 0.8746 - loss: 0.4150
[1m 939/1875[0m [32m==========[0m[37m==========[0m [1m4s[0m 5ms/step - accuracy: 0.8751 - loss: 0.4133
[1m 950/1875[0m [32m==========[0m[37m==========[0m [1m4s[0m 5ms/step - accuracy: 0.8758 - loss: 0.4109
[1m 962/1875[0m [32m==========[0m[37m==========[0m [1m4s[0m 5ms/step - accuracy: 0.8766 - loss: 0.4084
[1m 974/1875[0m [32m==========[0m[37m==========[0m [1m4s[0m 5ms/step - accuracy: 0.8773 - loss: 0.4059
[1m 986/1875[0m [32m==========[0m[37m==========[0m [1m4s[0m 5ms/step - accuracy: 0.8780 - loss: 0.4035
[1m 998/1875[0m [32m==========[0m[37m==========[0m [1m3s[0m 5ms/step - accuracy: 0.8788 - loss: 0.4011
[1m1010/1875[0m [32m==========[0m[37m==========[0m [1m3s[0m 5ms/step - accuracy: 0.8795 - loss: 0.3987
[1m1022/1875[0m [32m==========[0m[37m==========[0m [1m3s[0m 5ms/step - accuracy: 0.8802 - loss: 0.3964
[1m1034/1875[0m [32m===========[0m[37m=========[0m [1m3s[0m 5ms/step - accuracy: 0.8808 - loss: 0.3941
[1m1046/1875[0m [32m===========[0m[37m=========[0m [1m3s[0m 5ms/step - accuracy: 0.8815 - loss: 0.3919
[1m1058/1875[0m [32m===========[0m[37m=========[0m [1m3s[0m 4ms/step - accuracy: 0.8822 - loss: 0.3897
[1m1070/1875[0m [32m===========[0m[37m=========[0m [1m3s[0m 4ms/step - accuracy: 0.8828 - loss: 0.3875
[1m1082/1875[0m [32m===========[0m[37m=========[0m [1m3s[0m 4ms/step - accuracy: 0.8835 - loss: 0.3854
[1m1093/1875[0m [32m===========[0m[37m=========[0m [1m3s[0m 4ms/step - accuracy: 0.8840 - loss: 0.3835
[1m1105/1875[0m [32m===========[0m[37m=========[0m [1m3s[0m 4ms/step - accuracy: 0.8847 - loss: 0.3814
[1m1117/1875[0m [32m===========[0m[37m=========[0m [1m3s[0m 4ms/step - accuracy: 0.8853 - loss: 0.3794
[1m1129/1875[0m [32m============[0m[37m========[0m [1m3s[0m 4ms/step - accuracy: 0.8859 - loss: 0.3773
[1m1141/1875[0m [32m============[0m[37m========[0m [1m3s[0m 4ms/step - accuracy: 0.8865 - loss: 0.3754
[1m1153/1875[0m [32m============[0m[37m========[0m [1m3s[0m 4ms/step - accuracy: 0.8871 - loss: 0.3734
[1m1165/1875[0m [32m============[0m[37m========[0m [1m3s[0m 4ms/step - accuracy: 0.8876 - loss: 0.3715
[1m1177/1875[0m [32m============[0m[37m========[0m [1m3s[0m 4ms/step - accuracy: 0.8882 - loss: 0.3696
[1m1189/1875[0m [32m============[0m[37m========[0m [1m3s[0m 4ms/step - accuracy: 0.8888 - loss: 0.3678
[1m1201/1875[0m [32m============[0m[37m========[0m [1m3s[0m 4ms/step - accuracy: 0.8893 - loss: 0.3660
[1m1213/1875[0m [32m============[0m[37m========[0m [1m2s[0m 4ms/step - accuracy: 0.8899 - loss: 0.3642
[1m1225/1875[0m [32m=============[0m[37m=======[0m [1m2s[0m 4ms/step - accuracy: 0.8904 - loss: 0.3624
[1m1237/1875[0m [32m=============[0m[37m=======[0m [1m2s[0m 4ms/step - accuracy: 0.8909 - loss: 0.3606
[1m1249/1875[0m [32m=============[0m[37m=======[0m [1m2s[0m 4ms/step - accuracy: 0.8914 - loss: 0.3589
[1m1261/1875[0m [32m=============[0m[37m=======[0m [1m2s[0m 4ms/step - accuracy: 0.8920 - loss: 0.3572
[1m1272/1875[0m [32m=============[0m[37m=======[0m [1m2s[0m 4ms/step - accuracy: 0.8924 - loss: 0.3557
[1m1284/1875[0m [32m=============[0m[37m=======[0m [1m2s[0m 4ms/step - accuracy: 0.8929 - loss: 0.3540
[1m1294/1875[0m [32m=============[0m[37m=======[0m [1m2s[0m 4ms/step - accuracy: 0.8933 - loss: 0.3527
[1m1306/1875[0m [32m=============[0m[37m=======[0m [1m2s[0m 4ms/step - accuracy: 0.8938 - loss: 0.3510
[1m1317/1875[0m [32m==============[0m[37m======[0m [1m2s[0m 4ms/step - accuracy: 0.8943 - loss: 0.3496
[1m1329/1875[0m [32m==============[0m[37m======[0m [1m2s[0m 4ms/step - accuracy: 0.8947 - loss: 0.3480
[1m1341/1875[0m [32m==============[0m[37m======[0m [1m2s[0m 4ms/step - accuracy: 0.8952 - loss: 0.3464
[1m1353/1875[0m [32m==============[0m[37m======[0m [1m2s[0m 4ms/step - accuracy: 0.8957 - loss: 0.3449
[1m1365/1875[0m [32m==============[0m[37m======[0m [1m2s[0m 4ms/step - accuracy: 0.8961 - loss: 0.3434
[1m1377/1875[0m [32m==============[0m[37m======[0m [1m2s[0m 4ms/step - accuracy: 0.8966 - loss: 0.3419
[1m1389/1875[0m [32m==============[0m[37m======[0m [1m2s[0m 4ms/step - accuracy: 0.8970 - loss: 0.3404
[1m1400/1875[0m [32m==============[0m[37m======[0m [1m2s[0m 4ms/step - accuracy: 0.8974 - loss: 0.3391
[1m1412/1875[0m [32m===============[0m[37m=====[0m [1m2s[0m 4ms/step - accuracy: 0.8979 - loss: 0.3376
[1m1424/1875[0m [32m===============[0m[37m=====[0m [1m2s[0m 4ms/step - accuracy: 0.8983 - loss: 0.3362
[1m1435/1875[0m [32m===============[0m[37m=====[0m [1m1s[0m 4ms/step - accuracy: 0.8987 - loss: 0.3349
[1m1447/1875[0m [32m===============[0m[37m=====[0m [1m1s[0m 4ms/step - accuracy: 0.8991 - loss: 0.3335
[1m1459/1875[0m [32m===============[0m[37m=====[0m [1m1s[0m 4ms/step - accuracy: 0.8995 - loss: 0.3321
[1m1471/1875[0m [32m===============[0m[37m=====[0m [1m1s[0m 4ms/step - accuracy: 0.8999 - loss: 0.3308
[1m1482/1875[0m [32m===============[0m[37m=====[0m [1m1s[0m 4ms/step - accuracy: 0.9003 - loss: 0.3295
[1m1493/1875[0m [32m===============[0m[37m=====[0m [1m1s[0m 4ms/step - accuracy: 0.9007 - loss: 0.3283
[1m1505/1875[0m [32m================[0m[37m====[0m [1m1s[0m 4ms/step - accuracy: 0.9011 - loss: 0.3270
[1m1517/1875[0m [32m================[0m[37m====[0m [1m1s[0m 4ms/step - accuracy: 0.9015 - loss: 0.3257
[1m1529/1875[0m [32m================[0m[37m====[0m [1m1s[0m 4ms/step - accuracy: 0.9018 - loss: 0.3244
[1m1540/1875[0m [32m================[0m[37m====[0m [1m1s[0m 4ms/step - accuracy: 0.9022 - loss: 0.3232
[1m1551/1875[0m [32m================[0m[37m====[0m [1m1s[0m 4ms/step - accuracy: 0.9025 - loss: 0.3221
[1m1562/1875[0m [32m================[0m[37m====[0m [1m1s[0m 4ms/step - accuracy: 0.9029 - loss: 0.3210
[1m1574/1875[0m [32m================[0m[37m====[0m [1m1s[0m 4ms/step - accuracy: 0.9033 - loss: 0.3197
[1m1585/1875[0m [32m================[0m[37m====[0m [1m1s[0m 4ms/step - accuracy: 0.9036 - loss: 0.3186
[1m1597/1875[0m [32m=================[0m[37m===[0m [1m1s[0m 4ms/step - accuracy: 0.9039 - loss: 0.3174
[1m1609/1875[0m [32m=================[0m[37m===[0m [1m1s[0m 4ms/step - accuracy: 0.9043 - loss: 0.3162
[1m1620/1875[0m [32m=================[0m[37m===[0m [1m1s[0m 4ms/step - accuracy: 0.9046 - loss: 0.3152
[1m1631/1875[0m [32m=================[0m[37m===[0m [1m1s[0m 4ms/step - accuracy: 0.9049 - loss: 0.3141
[1m1642/1875[0m [32m=================[0m[37m===[0m [1m1s[0m 4ms/step - accuracy: 0.9053 - loss: 0.3131
[1m1653/1875[0m [32m=================[0m[37m===[0m [1m0s[0m 4ms/step - accuracy: 0.9056 - loss: 0.3120
[1m1665/1875[0m [32m=================[0m[37m===[0m [1m0s[0m 4ms/step - accuracy: 0.9059 - loss: 0.3109
[1m1677/1875[0m [32m=================[0m[37m===[0m [1m0s[0m 4ms/step - accuracy: 0.9062 - loss: 0.3098
[1m1689/1875[0m [32m==================[0m[37m==[0m [1m0s[0m 4ms/step - accuracy: 0.9066 - loss: 0.3087
[1m1701/1875[0m [32m==================[0m[37m==[0m [1m0s[0m 4ms/step - accuracy: 0.9069 - loss: 0.3076
[1m1713/1875[0m [32m==================[0m[37m==[0m [1m0s[0m 4ms/step - accuracy: 0.9072 - loss: 0.3065
[1m1725/1875[0m [32m==================[0m[37m==[0m [1m0s[0m 4ms/step - accuracy: 0.9076 - loss: 0.3054
[1m1737/1875[0m [32m==================[0m[37m==[0m [1m0s[0m 4ms/step - accuracy: 0.9079 - loss: 0.3044
[1m1749/1875[0m [32m==================[0m[37m==[0m [1m0s[0m 4ms/step - accuracy: 0.9082 - loss: 0.3033
[1m1760/1875[0m [32m==================[0m[37m==[0m [1m0s[0m 4ms/step - accuracy: 0.9085 - loss: 0.3024
[1m1771/1875[0m [32m==================[0m[37m==[0m [1m0s[0m 4ms/step - accuracy: 0.9088 - loss: 0.3015
[1m1783/1875[0m [32m===================[0m[37m=[0m [1m0s[0m 4ms/step - accuracy: 0.9091 - loss: 0.3004
[1m1792/1875[0m [32m===================[0m[37m=[0m [1m0s[0m 4ms/step - accuracy: 0.9093 - loss: 0.2997
[1m1804/1875[0m [32m===================[0m[37m=[0m [1m0s[0m 4ms/step - accuracy: 0.9096 - loss: 0.2987
[1m1816/1875[0m [32m===================[0m[37m=[0m [1m0s[0m 4ms/step - accuracy: 0.9099 - loss: 0.2977
[1m1828/1875[0m [32m===================[0m[37m=[0m [1m0s[0m 4ms/step - accuracy: 0.9102 - loss: 0.2967
[1m1840/1875[0m [32m===================[0m[37m=[0m [1m0s[0m 4ms/step - accuracy: 0.9105 - loss: 0.2957
[1m1851/1875[0m [32m===================[0m[37m=[0m [1m0s[0m 4ms/step - accuracy: 0.9108 - loss: 0.2949
[1m1863/1875[0m [32m===================[0m[37m=[0m [1m0s[0m 4ms/step - accuracy: 0.9111 - loss: 0.2939
[1m1874/1875[0m [32m===================[0m[37m=[0m [1m0s[0m 4ms/step - accuracy: 0.9113 - loss: 0.2930
[1m1875/1875[0m [32m====================[0m[37m[0m [1m10s[0m 5ms/step - accuracy: 0.9114 - loss: 0.2929 - val_accuracy: 0.9806 - val_loss: 0.0596
Epoch 2/5

[1m   1/1875[0m [37m====================[0m [1m49s[0m 27ms/step - accuracy: 1.0000 - loss: 0.0327
[1m  12/1875[0m [37m====================[0m [1m8s[0m 5ms/step - accuracy: 0.9784 - loss: 0.0920  
[1m  23/1875[0m [37m====================[0m [1m8s[0m 5ms/step - accuracy: 0.9795 - loss: 0.0779
[1m  35/1875[0m [37m====================[0m [1m8s[0m 5ms/step - accuracy: 0.9796 - loss: 0.0728
[1m  47/1875[0m [37m====================[0m [1m8s[0m 5ms/step - accuracy: 0.9799 - loss: 0.0699
[1m  59/1875[0m [37m====================[0m [1m8s[0m 4ms/step - accuracy: 0.9801 - loss: 0.0683
[1m  71/1875[0m [37m====================[0m [1m8s[0m 4ms/step - accuracy: 0.9804 - loss: 0.0670
[1m  83/1875[0m [37m====================[0m [1m7s[0m 4ms/step - accuracy: 0.9807 - loss: 0.0659
[1m  94/1875[0m [32m=[0m[37m===================[0m [1m7s[0m 4ms/step - accuracy: 0.9810 - loss: 0.0647
[1m 106/1875[0m [32m=[0m[37m===================[0m [1m7s[0m 4ms/step - accuracy: 0.9814 - loss: 0.0635
[1m 118/1875[0m [32m=[0m[37m===================[0m [1m7s[0m 4ms/step - accuracy: 0.9817 - loss: 0.0626
[1m 130/1875[0m [32m=[0m[37m===================[0m [1m7s[0m 4ms/step - accuracy: 0.9819 - loss: 0.0621
[1m 141/1875[0m [32m=[0m[37m===================[0m [1m7s[0m 4ms/step - accuracy: 0.9821 - loss: 0.0616
[1m 152/1875[0m [32m=[0m[37m===================[0m [1m7s[0m 5ms/step - accuracy: 0.9823 - loss: 0.0611
[1m 163/1875[0m [32m=[0m[37m===================[0m [1m7s[0m 5ms/step - accuracy: 0.9824 - loss: 0.0607
[1m 174/1875[0m [32m=[0m[37m===================[0m [1m7s[0m 5ms/step - accuracy: 0.9825 - loss: 0.0603
[1m 185/1875[0m [32m=[0m[37m===================[0m [1m7s[0m 5ms/step - accuracy: 0.9827 - loss: 0.0600
[1m 196/1875[0m [32m==[0m[37m==================[0m [1m7s[0m 5ms/step - accuracy: 0.9828 - loss: 0.0598
[1m 207/1875[0m [32m==[0m[37m==================[0m [1m7s[0m 5ms/step - accuracy: 0.9829 - loss: 0.0595
[1m 218/1875[0m [32m==[0m[37m==================[0m [1m7s[0m 5ms/step - accuracy: 0.9829 - loss: 0.0593
[1m 229/1875[0m [32m==[0m[37m==================[0m [1m7s[0m 5ms/step - accuracy: 0.9830 - loss: 0.0592
[1m 240/1875[0m [32m==[0m[37m==================[0m [1m7s[0m 5ms/step - accuracy: 0.9830 - loss: 0.0591
[1m 251/1875[0m [32m==[0m[37m==================[0m [1m7s[0m 5ms/step - accuracy: 0.9831 - loss: 0.0591
[1m 262/1875[0m [32m==[0m[37m==================[0m [1m7s[0m 5ms/step - accuracy: 0.9831 - loss: 0.0591
[1m 273/1875[0m [32m==[0m[37m==================[0m [1m7s[0m 5ms/step - accuracy: 0.9831 - loss: 0.0591
[1m 284/1875[0m [32m===[0m[37m=================[0m [1m7s[0m 5ms/step - accuracy: 0.9831 - loss: 0.0591
[1m 295/1875[0m [32m===[0m[37m=================[0m [1m7s[0m 5ms/step - accuracy: 0.9832 - loss: 0.0590
[1m 304/1875[0m [32m===[0m[37m=================[0m [1m7s[0m 5ms/step - accuracy: 0.9832 - loss: 0.0590
[1m 315/1875[0m [32m===[0m[37m=================[0m [1m7s[0m 5ms/step - accuracy: 0.9832 - loss: 0.0589
[1m 326/1875[0m [32m===[0m[37m=================[0m [1m7s[0m 5ms/step - accuracy: 0.9832 - loss: 0.0589
[1m 337/1875[0m [32m===[0m[37m=================[0m [1m7s[0m 5ms/step - accuracy: 0.9832 - loss: 0.0588
[1m 348/1875[0m [32m===[0m[37m=================[0m [1m7s[0m 5ms/step - accuracy: 0.9832 - loss: 0.0588
[1m 359/1875[0m [32m===[0m[37m=================[0m [1m7s[0m 5ms/step - accuracy: 0.9832 - loss: 0.0588
[1m 370/1875[0m [32m===[0m[37m=================[0m [1m6s[0m 5ms/step - accuracy: 0.9831 - loss: 0.0588
[1m 380/1875[0m [32m====[0m[37m================[0m [1m6s[0m 5ms/step - accuracy: 0.9831 - loss: 0.0588
[1m 391/1875[0m [32m====[0m[37m================[0m [1m6s[0m 5ms/step - accuracy: 0.9831 - loss: 0.0588
[1m 401/1875[0m [32m====[0m[37m================[0m [1m6s[0m 5ms/step - accuracy: 0.9831 - loss: 0.0588
[1m 411/1875[0m [32m====[0m[37m================[0m [1m6s[0m 5ms/step - accuracy: 0.9831 - loss: 0.0588
[1m 422/1875[0m [32m====[0m[37m================[0m [1m6s[0m 5ms/step - accuracy: 0.9831 - loss: 0.0588
[1m 433/1875[0m [32m====[0m[37m================[0m [1m6s[0m 5ms/step - accuracy: 0.9831 - loss: 0.0587
[1m 445/1875[0m [32m====[0m[37m================[0m [1m6s[0m 5ms/step - accuracy: 0.9831 - loss: 0.0587
[1m 457/1875[0m [32m====[0m[37m================[0m [1m6s[0m 5ms/step - accuracy: 0.9831 - loss: 0.0586
[1m 468/1875[0m [32m====[0m[37m================[0m [1m6s[0m 5ms/step - accuracy: 0.9831 - loss: 0.0586
[1m 480/1875[0m [32m=====[0m[37m===============[0m [1m6s[0m 5ms/step - accuracy: 0.9831 - loss: 0.0586
[1m 492/1875[0m [32m=====[0m[37m===============[0m [1m6s[0m 5ms/step - accuracy: 0.9831 - loss: 0.0585
[1m 503/1875[0m [32m=====[0m[37m===============[0m [1m6s[0m 5ms/step - accuracy: 0.9831 - loss: 0.0584
[1m 514/1875[0m [32m=====[0m[37m===============[0m [1m6s[0m 5ms/step - accuracy: 0.9831 - loss: 0.0584
[1m 525/1875[0m [32m=====[0m[37m===============[0m [1m6s[0m 5ms/step - accuracy: 0.9831 - loss: 0.0583
[1m 537/1875[0m [32m=====[0m[37m===============[0m [1m6s[0m 5ms/step - accuracy: 0.9831 - loss: 0.0582
[1m 549/1875[0m [32m=====[0m[37m===============[0m [1m6s[0m 5ms/step - accuracy: 0.9831 - loss: 0.0582
[1m 560/1875[0m [32m=====[0m[37m===============[0m [1m6s[0m 5ms/step - accuracy: 0.9831 - loss: 0.0581
[1m 572/1875[0m [32m======[0m[37m==============[0m [1m6s[0m 5ms/step - accuracy: 0.9832 - loss: 0.0580
[1m 584/1875[0m [32m======[0m[37m==============[0m [1m5s[0m 5ms/step - accuracy: 0.9832 - loss: 0.0580
[1m 595/1875[0m [32m======[0m[37m==============[0m [1m5s[0m 5ms/step - accuracy: 0.9832 - loss: 0.0579
[1m 607/1875[0m [32m======[0m[37m==============[0m [1m5s[0m 5ms/step - accuracy: 0.9832 - loss: 0.0578
[1m 618/1875[0m [32m======[0m[37m==============[0m [1m5s[0m 5ms/step - accuracy: 0.9832 - loss: 0.0578
[1m 630/1875[0m [32m======[0m[37m==============[0m [1m5s[0m 5ms/step - accuracy: 0.9832 - loss: 0.0577
[1m 642/1875[0m [32m======[0m[37m==============[0m [1m5s[0m 5ms/step - accuracy: 0.9832 - loss: 0.0576
[1m 654/1875[0m [32m======[0m[37m==============[0m [1m5s[0m 5ms/step - accuracy: 0.9832 - loss: 0.0576
[1m 666/1875[0m [32m=======[0m[37m=============[0m [1m5s[0m 5ms/step - accuracy: 0.9832 - loss: 0.0575
[1m 678/1875[0m [32m=======[0m[37m=============[0m [1m5s[0m 5ms/step - accuracy: 0.9832 - loss: 0.0575
[1m 690/1875[0m [32m=======[0m[37m=============[0m [1m5s[0m 5ms/step - accuracy: 0.9832 - loss: 0.0574
[1m 701/1875[0m [32m=======[0m[37m=============[0m [1m5s[0m 5ms/step - accuracy: 0.9832 - loss: 0.0574
[1m 713/1875[0m [32m=======[0m[37m=============[0m [1m5s[0m 5ms/step - accuracy: 0.9832 - loss: 0.0573
[1m 725/1875[0m [32m=======[0m[37m=============[0m [1m5s[0m 5ms/step - accuracy: 0.9833 - loss: 0.0572
[1m 737/1875[0m [32m=======[0m[37m=============[0m [1m5s[0m 5ms/step - accuracy: 0.9833 - loss: 0.0572
[1m 749/1875[0m [32m=======[0m[37m=============[0m [1m5s[0m 5ms/step - accuracy: 0.9833 - loss: 0.0571
[1m 761/1875[0m [32m========[0m[37m============[0m [1m5s[0m 5ms/step - accuracy: 0.9833 - loss: 0.0571
[1m 773/1875[0m [32m========[0m[37m============[0m [1m5s[0m 5ms/step - accuracy: 0.9833 - loss: 0.0570
[1m 785/1875[0m [32m========[0m[37m============[0m [1m5s[0m 5ms/step - accuracy: 0.9833 - loss: 0.0569
[1m 797/1875[0m [32m========[0m[37m============[0m [1m4s[0m 5ms/step - accuracy: 0.9833 - loss: 0.0569
[1m 809/1875[0m [32m========[0m[37m============[0m [1m4s[0m 5ms/step - accuracy: 0.9833 - loss: 0.0568
[1m 821/1875[0m [32m========[0m[37m============[0m [1m4s[0m 5ms/step - accuracy: 0.9833 - loss: 0.0568
[1m 833/1875[0m [32m========[0m[37m============[0m [1m4s[0m 5ms/step - accuracy: 0.9833 - loss: 0.0567
[1m 845/1875[0m [32m=========[0m[37m===========[0m [1m4s[0m 5ms/step - accuracy: 0.9834 - loss: 0.0566
[1m 857/1875[0m [32m=========[0m[37m===========[0m [1m4s[0m 5ms/step - accuracy: 0.9834 - loss: 0.0566
[1m 869/1875[0m [32m=========[0m[37m===========[0m [1m4s[0m 5ms/step - accuracy: 0.9834 - loss: 0.0565
[1m 881/1875[0m [32m=========[0m[37m===========[0m [1m4s[0m 5ms/step - accuracy: 0.9834 - loss: 0.0565
[1m 893/1875[0m [32m=========[0m[37m===========[0m [1m4s[0m 5ms/step - accuracy: 0.9834 - loss: 0.0564
[1m 905/1875[0m [32m=========[0m[37m===========[0m [1m4s[0m 5ms/step - accuracy: 0.9834 - loss: 0.0563
[1m 916/1875[0m [32m=========[0m[37m===========[0m [1m4s[0m 5ms/step - accuracy: 0.9834 - loss: 0.0563
[1m 928/1875[0m [32m=========[0m[37m===========[0m [1m4s[0m 5ms/step - accuracy: 0.9834 - loss: 0.0562
[1m 940/1875[0m [32m==========[0m[37m==========[0m [1m4s[0m 5ms/step - accuracy: 0.9834 - loss: 0.0562
[1m 951/1875[0m [32m==========[0m[37m==========[0m [1m4s[0m 5ms/step - accuracy: 0.9835 - loss: 0.0561
[1m 963/1875[0m [32m==========[0m[37m==========[0m [1m4s[0m 5ms/step - accuracy: 0.9835 - loss: 0.0560
[1m 975/1875[0m [32m==========[0m[37m==========[0m [1m4s[0m 5ms/step - accuracy: 0.9835 - loss: 0.0560
[1m 986/1875[0m [32m==========[0m[37m==========[0m [1m4s[0m 5ms/step - accuracy: 0.9835 - loss: 0.0559
[1m 998/1875[0m [32m==========[0m[37m==========[0m [1m4s[0m 5ms/step - accuracy: 0.9835 - loss: 0.0558
[1m1010/1875[0m [32m==========[0m[37m==========[0m [1m3s[0m 5ms/step - accuracy: 0.9835 - loss: 0.0558
[1m1022/1875[0m [32m==========[0m[37m==========[0m [1m3s[0m 5ms/step - accuracy: 0.9835 - loss: 0.0557
[1m1034/1875[0m [32m===========[0m[37m=========[0m [1m3s[0m 5ms/step - accuracy: 0.9835 - loss: 0.0557
[1m1046/1875[0m [32m===========[0m[37m=========[0m [1m3s[0m 5ms/step - accuracy: 0.9835 - loss: 0.0556
[1m1058/1875[0m [32m===========[0m[37m=========[0m [1m3s[0m 5ms/step - accuracy: 0.9835 - loss: 0.0556
[1m1069/1875[0m [32m===========[0m[37m=========[0m [1m3s[0m 5ms/step - accuracy: 0.9835 - loss: 0.0556
[1m1081/1875[0m [32m===========[0m[37m=========[0m [1m3s[0m 5ms/step - accuracy: 0.9836 - loss: 0.0555
[1m1092/1875[0m [32m===========[0m[37m=========[0m [1m3s[0m 5ms/step - accuracy: 0.9836 - loss: 0.0555
[1m1104/1875[0m [32m===========[0m[37m=========[0m [1m3s[0m 5ms/step - accuracy: 0.9836 - loss: 0.0554
[1m1116/1875[0m [32m===========[0m[37m=========[0m [1m3s[0m 5ms/step - accuracy: 0.9836 - loss: 0.0554
[1m1128/1875[0m [32m============[0m[37m========[0m [1m3s[0m 5ms/step - accuracy: 0.9836 - loss: 0.0554
[1m1139/1875[0m [32m============[0m[37m========[0m [1m3s[0m 5ms/step - accuracy: 0.9836 - loss: 0.0553
[1m1151/1875[0m [32m============[0m[37m========[0m [1m3s[0m 5ms/step - accuracy: 0.9836 - loss: 0.0553
[1m1163/1875[0m [32m============[0m[37m========[0m [1m3s[0m 5ms/step - accuracy: 0.9836 - loss: 0.0553
[1m1175/1875[0m [32m============[0m[37m========[0m [1m3s[0m 5ms/step - accuracy: 0.9836 - loss: 0.0552
[1m1187/1875[0m [32m============[0m[37m========[0m [1m3s[0m 5ms/step - accuracy: 0.9836 - loss: 0.0552
[1m1199/1875[0m [32m============[0m[37m========[0m [1m3s[0m 5ms/step - accuracy: 0.9836 - loss: 0.0552
[1m1211/1875[0m [32m============[0m[37m========[0m [1m3s[0m 5ms/step - accuracy: 0.9836 - loss: 0.0552
[1m1223/1875[0m [32m=============[0m[37m=======[0m [1m2s[0m 5ms/step - accuracy: 0.9836 - loss: 0.0551
[1m1235/1875[0m [32m=============[0m[37m=======[0m [1m2s[0m 5ms/step - accuracy: 0.9836 - loss: 0.0551
[1m1247/1875[0m [32m=============[0m[37m=======[0m [1m2s[0m 5ms/step - accuracy: 0.9836 - loss: 0.0551
[1m1259/1875[0m [32m=============[0m[37m=======[0m [1m2s[0m 5ms/step - accuracy: 0.9836 - loss: 0.0551
[1m1270/1875[0m [32m=============[0m[37m=======[0m [1m2s[0m 5ms/step - accuracy: 0.9836 - loss: 0.0550
[1m1282/1875[0m [32m=============[0m[37m=======[0m [1m2s[0m 5ms/step - accuracy: 0.9836 - loss: 0.0550
[1m1294/1875[0m [32m=============[0m[37m=======[0m [1m2s[0m 5ms/step - accuracy: 0.9836 - loss: 0.0550
[1m1306/1875[0m [32m=============[0m[37m=======[0m [1m2s[0m 5ms/step - accuracy: 0.9836 - loss: 0.0550
[1m1318/1875[0m [32m==============[0m[37m======[0m [1m2s[0m 5ms/step - accuracy: 0.9836 - loss: 0.0549
[1m1330/1875[0m [32m==============[0m[37m======[0m [1m2s[0m 5ms/step - accuracy: 0.9836 - loss: 0.0549
[1m1342/1875[0m [32m==============[0m[37m======[0m [1m2s[0m 5ms/step - accuracy: 0.9836 - loss: 0.0549
[1m1354/1875[0m [32m==============[0m[37m======[0m [1m2s[0m 5ms/step - accuracy: 0.9836 - loss: 0.0548
[1m1365/1875[0m [32m==============[0m[37m======[0m [1m2s[0m 5ms/step - accuracy: 0.9836 - loss: 0.0548
[1m1377/1875[0m [32m==============[0m[37m======[0m [1m2s[0m 5ms/step - accuracy: 0.9836 - loss: 0.0548
[1m1389/1875[0m [32m==============[0m[37m======[0m [1m2s[0m 5ms/step - accuracy: 0.9836 - loss: 0.0548
[1m1400/1875[0m [32m==============[0m[37m======[0m [1m2s[0m 5ms/step - accuracy: 0.9836 - loss: 0.0547
[1m1411/1875[0m [32m===============[0m[37m=====[0m [1m2s[0m 5ms/step - accuracy: 0.9836 - loss: 0.0547
[1m1423/1875[0m [32m===============[0m[37m=====[0m [1m2s[0m 5ms/step - accuracy: 0.9836 - loss: 0.0547
[1m1435/1875[0m [32m===============[0m[37m=====[0m [1m1s[0m 5ms/step - accuracy: 0.9836 - loss: 0.0547
[1m1447/1875[0m [32m===============[0m[37m=====[0m [1m1s[0m 5ms/step - accuracy: 0.9837 - loss: 0.0546
[1m1459/1875[0m [32m===============[0m[37m=====[0m [1m1s[0m 5ms/step - accuracy: 0.9837 - loss: 0.0546
[1m1471/1875[0m [32m===============[0m[37m=====[0m [1m1s[0m 5ms/step - accuracy: 0.9837 - loss: 0.0546
[1m1482/1875[0m [32m===============[0m[37m=====[0m [1m1s[0m 5ms/step - accuracy: 0.9837 - loss: 0.0546
[1m1494/1875[0m [32m===============[0m[37m=====[0m [1m1s[0m 5ms/step - accuracy: 0.9837 - loss: 0.0545
[1m1506/1875[0m [32m================[0m[37m====[0m [1m1s[0m 5ms/step - accuracy: 0.9837 - loss: 0.0545
[1m1517/1875[0m [32m================[0m[37m====[0m [1m1s[0m 5ms/step - accuracy: 0.9837 - loss: 0.0545
[1m1529/1875[0m [32m================[0m[37m====[0m [1m1s[0m 5ms/step - accuracy: 0.9837 - loss: 0.0545
[1m1541/1875[0m [32m================[0m[37m====[0m [1m1s[0m 5ms/step - accuracy: 0.9837 - loss: 0.0544
[1m1552/1875[0m [32m================[0m[37m====[0m [1m1s[0m 5ms/step - accuracy: 0.9837 - loss: 0.0544
[1m1564/1875[0m [32m================[0m[37m====[0m [1m1s[0m 5ms/step - accuracy: 0.9837 - loss: 0.0544
[1m1576/1875[0m [32m================[0m[37m====[0m [1m1s[0m 5ms/step - accuracy: 0.9837 - loss: 0.0544
[1m1588/1875[0m [32m================[0m[37m====[0m [1m1s[0m 5ms/step - accuracy: 0.9837 - loss: 0.0543
[1m1600/1875[0m [32m=================[0m[37m===[0m [1m1s[0m 5ms/step - accuracy: 0.9837 - loss: 0.0543
[1m1612/1875[0m [32m=================[0m[37m===[0m [1m1s[0m 5ms/step - accuracy: 0.9837 - loss: 0.0543
[1m1621/1875[0m [32m=================[0m[37m===[0m [1m1s[0m 5ms/step - accuracy: 0.9837 - loss: 0.0543
[1m1633/1875[0m [32m=================[0m[37m===[0m [1m1s[0m 5ms/step - accuracy: 0.9837 - loss: 0.0542
[1m1645/1875[0m [32m=================[0m[37m===[0m [1m1s[0m 5ms/step - accuracy: 0.9837 - loss: 0.0542
[1m1657/1875[0m [32m=================[0m[37m===[0m [1m0s[0m 5ms/step - accuracy: 0.9837 - loss: 0.0542
[1m1669/1875[0m [32m=================[0m[37m===[0m [1m0s[0m 5ms/step - accuracy: 0.9837 - loss: 0.0541
[1m1681/1875[0m [32m=================[0m[37m===[0m [1m0s[0m 5ms/step - accuracy: 0.9837 - loss: 0.0541
[1m1693/1875[0m [32m==================[0m[37m==[0m [1m0s[0m 5ms/step - accuracy: 0.9837 - loss: 0.0541
[1m1705/1875[0m [32m==================[0m[37m==[0m [1m0s[0m 5ms/step - accuracy: 0.9837 - loss: 0.0541
[1m1717/1875[0m [32m==================[0m[37m==[0m [1m0s[0m 5ms/step - accuracy: 0.9837 - loss: 0.0540
[1m1728/1875[0m [32m==================[0m[37m==[0m [1m0s[0m 5ms/step - accuracy: 0.9837 - loss: 0.0540
[1m1740/1875[0m [32m==================[0m[37m==[0m [1m0s[0m 5ms/step - accuracy: 0.9837 - loss: 0.0540
[1m1752/1875[0m [32m==================[0m[37m==[0m [1m0s[0m 5ms/step - accuracy: 0.9837 - loss: 0.0540
[1m1764/1875[0m [32m==================[0m[37m==[0m [1m0s[0m 5ms/step - accuracy: 0.9837 - loss: 0.0539
[1m1776/1875[0m [32m==================[0m[37m==[0m [1m0s[0m 5ms/step - accuracy: 0.9837 - loss: 0.0539
[1m1787/1875[0m [32m===================[0m[37m=[0m [1m0s[0m 5ms/step - accuracy: 0.9837 - loss: 0.0539
[1m1799/1875[0m [32m===================[0m[37m=[0m [1m0s[0m 5ms/step - accuracy: 0.9837 - loss: 0.0538
[1m1811/1875[0m [32m===================[0m[37m=[0m [1m0s[0m 5ms/step - accuracy: 0.9837 - loss: 0.0538
[1m1823/1875[0m [32m===================[0m[37m=[0m [1m0s[0m 5ms/step - accuracy: 0.9837 - loss: 0.0538
[1m1835/1875[0m [32m===================[0m[37m=[0m [1m0s[0m 5ms/step - accuracy: 0.9837 - loss: 0.0538
[1m1847/1875[0m [32m===================[0m[37m=[0m [1m0s[0m 5ms/step - accuracy: 0.9837 - loss: 0.0537
[1m1859/1875[0m [32m===================[0m[37m=[0m [1m0s[0m 5ms/step - accuracy: 0.9838 - loss: 0.0537
[1m1871/1875[0m [32m===================[0m[37m=[0m [1m0s[0m 5ms/step - accuracy: 0.9838 - loss: 0.0537
[1m1875/1875[0m [32m====================[0m[37m[0m [1m9s[0m 5ms/step - accuracy: 0.9838 - loss: 0.0537 - val_accuracy: 0.9834 - val_loss: 0.0472
Epoch 3/5

[1m   1/1875[0m [37m====================[0m [1m45s[0m 24ms/step - accuracy: 1.0000 - loss: 0.0027
[1m  12/1875[0m [37m====================[0m [1m8s[0m 5ms/step - accuracy: 0.9915 - loss: 0.0244  
[1m  23/1875[0m [37m====================[0m [1m8s[0m 5ms/step - accuracy: 0.9923 - loss: 0.0239
[1m  35/1875[0m [37m====================[0m [1m8s[0m 5ms/step - accuracy: 0.9918 - loss: 0.0256
[1m  46/1875[0m [37m====================[0m [1m8s[0m 5ms/step - accuracy: 0.9918 - loss: 0.0258
[1m  57/1875[0m [37m====================[0m [1m8s[0m 5ms/step - accuracy: 0.9918 - loss: 0.0263
[1m  68/1875[0m [37m====================[0m [1m8s[0m 5ms/step - accuracy: 0.9917 - loss: 0.0265
[1m  78/1875[0m [37m====================[0m [1m8s[0m 5ms/step - accuracy: 0.9918 - loss: 0.0264
[1m  88/1875[0m [37m====================[0m [1m8s[0m 5ms/step - accuracy: 0.9918 - loss: 0.0262
[1m  98/1875[0m [32m=[0m[37m===================[0m [1m8s[0m 5ms/step - accuracy: 0.9917 - loss: 0.0262
[1m 108/1875[0m [32m=[0m[37m===================[0m [1m8s[0m 5ms/step - accuracy: 0.9917 - loss: 0.0263
[1m 118/1875[0m [32m=[0m[37m===================[0m [1m8s[0m 5ms/step - accuracy: 0.9916 - loss: 0.0265
[1m 129/1875[0m [32m=[0m[37m===================[0m [1m8s[0m 5ms/step - accuracy: 0.9915 - loss: 0.0266
[1m 140/1875[0m [32m=[0m[37m===================[0m [1m8s[0m 5ms/step - accuracy: 0.9914 - loss: 0.0266
[1m 150/1875[0m [32m=[0m[37m===================[0m [1m8s[0m 5ms/step - accuracy: 0.9913 - loss: 0.0268
[1m 161/1875[0m [32m=[0m[37m===================[0m [1m8s[0m 5ms/step - accuracy: 0.9912 - loss: 0.0269
[1m 172/1875[0m [32m=[0m[37m===================[0m [1m8s[0m 5ms/step - accuracy: 0.9911 - loss: 0.0271
[1m 183/1875[0m [32m=[0m[37m===================[0m [1m8s[0m 5ms/step - accuracy: 0.9910 - loss: 0.0272
[1m 194/1875[0m [32m==[0m[37m==================[0m [1m8s[0m 5ms/step - accuracy: 0.9909 - loss: 0.0273
[1m 205/1875[0m [32m==[0m[37m==================[0m [1m8s[0m 5ms/step - accuracy: 0.9909 - loss: 0.0274
[1m 216/1875[0m [32m==[0m[37m==================[0m [1m7s[0m 5ms/step - accuracy: 0.9908 - loss: 0.0274
[1m 227/1875[0m [32m==[0m[37m==================[0m [1m7s[0m 5ms/step - accuracy: 0.9908 - loss: 0.0276
[1m 238/1875[0m [32m==[0m[37m==================[0m [1m7s[0m 5ms/step - accuracy: 0.9907 - loss: 0.0277
[1m 249/1875[0m [32m==[0m[37m==================[0m [1m7s[0m 5ms/step - accuracy: 0.9907 - loss: 0.0278
[1m 261/1875[0m [32m==[0m[37m==================[0m [1m7s[0m 5ms/step - accuracy: 0.9906 - loss: 0.0280
[1m 273/1875[0m [32m==[0m[37m==================[0m [1m7s[0m 5ms/step - accuracy: 0.9906 - loss: 0.0281
[1m 285/1875[0m [32m===[0m[37m=================[0m [1m7s[0m 5ms/step - accuracy: 0.9906 - loss: 0.0282
[1m 297/1875[0m [32m===[0m[37m=================[0m [1m7s[0m 5ms/step - accuracy: 0.9905 - loss: 0.0283
[1m 309/1875[0m [32m===[0m[37m=================[0m [1m7s[0m 5ms/step - accuracy: 0.9905 - loss: 0.0284
[1m 319/1875[0m [32m===[0m[37m=================[0m [1m7s[0m 5ms/step - accuracy: 0.9905 - loss: 0.0284
[1m 330/1875[0m [32m===[0m[37m=================[0m [1m7s[0m 5ms/step - accuracy: 0.9905 - loss: 0.0286
[1m 342/1875[0m [32m===[0m[37m=================[0m [1m7s[0m 5ms/step - accuracy: 0.9904 - loss: 0.0287
[1m 353/1875[0m [32m===[0m[37m=================[0m [1m7s[0m 5ms/step - accuracy: 0.9904 - loss: 0.0288
[1m 365/1875[0m [32m===[0m[37m=================[0m [1m7s[0m 5ms/step - accuracy: 0.9904 - loss: 0.0289
[1m 377/1875[0m [32m====[0m[37m================[0m [1m7s[0m 5ms/step - accuracy: 0.9904 - loss: 0.0290
[1m 389/1875[0m [32m====[0m[37m================[0m [1m6s[0m 5ms/step - accuracy: 0.9904 - loss: 0.0291
[1m 401/1875[0m [32m====[0m[37m================[0m [1m6s[0m 5ms/step - accuracy: 0.9903 - loss: 0.0292
[1m 413/1875[0m [32m====[0m[37m================[0m [1m6s[0m 5ms/step - accuracy: 0.9903 - loss: 0.0293
[1m 425/1875[0m [32m====[0m[37m================[0m [1m6s[0m 5ms/step - accuracy: 0.9903 - loss: 0.0293
[1m 437/1875[0m [32m====[0m[37m================[0m [1m6s[0m 5ms/step - accuracy: 0.9903 - loss: 0.0294
[1m 449/1875[0m [32m====[0m[37m================[0m [1m6s[0m 5ms/step - accuracy: 0.9903 - loss: 0.0294
[1m 457/1875[0m [32m====[0m[37m================[0m [1m6s[0m 5ms/step - accuracy: 0.9903 - loss: 0.0294
[1m 469/1875[0m [32m=====[0m[37m===============[0m [1m6s[0m 5ms/step - accuracy: 0.9903 - loss: 0.0295
[1m 481/1875[0m [32m=====[0m[37m===============[0m [1m6s[0m 5ms/step - accuracy: 0.9903 - loss: 0.0295
[1m 493/1875[0m [32m=====[0m[37m===============[0m [1m6s[0m 5ms/step - accuracy: 0.9903 - loss: 0.0295
[1m 505/1875[0m [32m=====[0m[37m===============[0m [1m6s[0m 5ms/step - accuracy: 0.9903 - loss: 0.0296
[1m 517/1875[0m [32m=====[0m[37m===============[0m [1m6s[0m 5ms/step - accuracy: 0.9904 - loss: 0.0296
[1m 528/1875[0m [32m=====[0m[37m===============[0m [1m6s[0m 5ms/step - accuracy: 0.9904 - loss: 0.0296
[1m 540/1875[0m [32m=====[0m[37m===============[0m [1m6s[0m 5ms/step - accuracy: 0.9904 - loss: 0.0297
[1m 552/1875[0m [32m=====[0m[37m===============[0m [1m6s[0m 5ms/step - accuracy: 0.9904 - loss: 0.0297
[1m 564/1875[0m [32m======[0m[37m==============[0m [1m6s[0m 5ms/step - accuracy: 0.9904 - loss: 0.0297
[1m 576/1875[0m [32m======[0m[37m==============[0m [1m6s[0m 5ms/step - accuracy: 0.9904 - loss: 0.0297
[1m 588/1875[0m [32m======[0m[37m==============[0m [1m5s[0m 5ms/step - accuracy: 0.9904 - loss: 0.0298
[1m 600/1875[0m [32m======[0m[37m==============[0m [1m5s[0m 5ms/step - accuracy: 0.9904 - loss: 0.0298
[1m 612/1875[0m [32m======[0m[37m==============[0m [1m5s[0m 5ms/step - accuracy: 0.9904 - loss: 0.0298
[1m 624/1875[0m [32m======[0m[37m==============[0m [1m5s[0m 5ms/step - accuracy: 0.9904 - loss: 0.0298
[1m 636/1875[0m [32m======[0m[37m==============[0m [1m5s[0m 5ms/step - accuracy: 0.9904 - loss: 0.0298
[1m 647/1875[0m [32m======[0m[37m==============[0m [1m5s[0m 5ms/step - accuracy: 0.9904 - loss: 0.0299
[1m 659/1875[0m [32m=======[0m[37m=============[0m [1m5s[0m 5ms/step - accuracy: 0.9904 - loss: 0.0299
[1m 671/1875[0m [32m=======[0m[37m=============[0m [1m5s[0m 5ms/step - accuracy: 0.9904 - loss: 0.0299
[1m 683/1875[0m [32m=======[0m[37m=============[0m [1m5s[0m 5ms/step - accuracy: 0.9904 - loss: 0.0299
[1m 695/1875[0m [32m=======[0m[37m=============[0m [1m5s[0m 5ms/step - accuracy: 0.9904 - loss: 0.0299
[1m 707/1875[0m [32m=======[0m[37m=============[0m [1m5s[0m 5ms/step - accuracy: 0.9904 - loss: 0.0300
[1m 719/1875[0m [32m=======[0m[37m=============[0m [1m5s[0m 5ms/step - accuracy: 0.9904 - loss: 0.0300
[1m 731/1875[0m [32m=======[0m[37m=============[0m [1m5s[0m 5ms/step - accuracy: 0.9904 - loss: 0.0300
[1m 743/1875[0m [32m=======[0m[37m=============[0m [1m5s[0m 5ms/step - accuracy: 0.9904 - loss: 0.0300
[1m 755/1875[0m [32m========[0m[37m============[0m [1m5s[0m 5ms/step - accuracy: 0.9904 - loss: 0.0300
[1m 767/1875[0m [32m========[0m[37m============[0m [1m5s[0m 5ms/step - accuracy: 0.9904 - loss: 0.0300
[1m 779/1875[0m [32m========[0m[37m============[0m [1m5s[0m 5ms/step - accuracy: 0.9904 - loss: 0.0300
[1m 790/1875[0m [32m========[0m[37m============[0m [1m4s[0m 5ms/step - accuracy: 0.9904 - loss: 0.0301
[1m 802/1875[0m [32m========[0m[37m============[0m [1m4s[0m 5ms/step - accuracy: 0.9904 - loss: 0.0301
[1m 814/1875[0m [32m========[0m[37m============[0m [1m4s[0m 5ms/step - accuracy: 0.9904 - loss: 0.0301
[1m 826/1875[0m [32m========[0m[37m============[0m [1m4s[0m 5ms/step - accuracy: 0.9904 - loss: 0.0301
[1m 837/1875[0m [32m========[0m[37m============[0m [1m4s[0m 5ms/step - accuracy: 0.9904 - loss: 0.0301
[1m 849/1875[0m [32m=========[0m[37m===========[0m [1m4s[0m 5ms/step - accuracy: 0.9904 - loss: 0.0301
[1m 861/1875[0m [32m=========[0m[37m===========[0m [1m4s[0m 5ms/step - accuracy: 0.9904 - loss: 0.0301
[1m 873/1875[0m [32m=========[0m[37m===========[0m [1m4s[0m 5ms/step - accuracy: 0.9904 - loss: 0.0301
[1m 884/1875[0m [32m=========[0m[37m===========[0m [1m4s[0m 5ms/step - accuracy: 0.9904 - loss: 0.0301
[1m 896/1875[0m [32m=========[0m[37m===========[0m [1m4s[0m 5ms/step - accuracy: 0.9904 - loss: 0.0301
[1m 908/1875[0m [32m=========[0m[37m===========[0m [1m4s[0m 5ms/step - accuracy: 0.9904 - loss: 0.0301
[1m 920/1875[0m [32m=========[0m[37m===========[0m [1m4s[0m 5ms/step - accuracy: 0.9904 - loss: 0.0301
[1m 932/1875[0m [32m=========[0m[37m===========[0m [1m4s[0m 5ms/step - accuracy: 0.9904 - loss: 0.0301
[1m 943/1875[0m [32m==========[0m[37m==========[0m [1m4s[0m 5ms/step - accuracy: 0.9904 - loss: 0.0301
[1m 954/1875[0m [32m==========[0m[37m==========[0m [1m4s[0m 5ms/step - accuracy: 0.9904 - loss: 0.0301
[1m 966/1875[0m [32m==========[0m[37m==========[0m [1m4s[0m 5ms/step - accuracy: 0.9904 - loss: 0.0301
[1m 978/1875[0m [32m==========[0m[37m==========[0m [1m4s[0m 5ms/step - accuracy: 0.9904 - loss: 0.0301
[1m 990/1875[0m [32m==========[0m[37m==========[0m [1m4s[0m 5ms/step - accuracy: 0.9904 - loss: 0.0301
[1m 999/1875[0m [32m==========[0m[37m==========[0m [1m4s[0m 5ms/step - accuracy: 0.9904 - loss: 0.0301
[1m1010/1875[0m [32m==========[0m[37m==========[0m [1m3s[0m 5ms/step - accuracy: 0.9904 - loss: 0.0301
[1m1022/1875[0m [32m==========[0m[37m==========[0m [1m3s[0m 5ms/step - accuracy: 0.9904 - loss: 0.0301
[1m1034/1875[0m [32m===========[0m[37m=========[0m [1m3s[0m 5ms/step - accuracy: 0.9904 - loss: 0.0301
[1m1046/1875[0m [32m===========[0m[37m=========[0m [1m3s[0m 5ms/step - accuracy: 0.9904 - loss: 0.0301
[1m1057/1875[0m [32m===========[0m[37m=========[0m [1m3s[0m 5ms/step - accuracy: 0.9904 - loss: 0.0301
[1m1069/1875[0m [32m===========[0m[37m=========[0m [1m3s[0m 5ms/step - accuracy: 0.9904 - loss: 0.0301
[1m1081/1875[0m [32m===========[0m[37m=========[0m [1m3s[0m 5ms/step - accuracy: 0.9904 - loss: 0.0301
[1m1093/1875[0m [32m===========[0m[37m=========[0m [1m3s[0m 5ms/step - accuracy: 0.9905 - loss: 0.0301
[1m1105/1875[0m [32m===========[0m[37m=========[0m [1m3s[0m 5ms/step - accuracy: 0.9905 - loss: 0.0302
[1m1117/1875[0m [32m===========[0m[37m=========[0m [1m3s[0m 5ms/step - accuracy: 0.9905 - loss: 0.0302
[1m1128/1875[0m [32m============[0m[37m========[0m [1m3s[0m 5ms/step - accuracy: 0.9905 - loss: 0.0302
[1m1140/1875[0m [32m============[0m[37m========[0m [1m3s[0m 5ms/step - accuracy: 0.9905 - loss: 0.0302
[1m1151/1875[0m [32m============[0m[37m========[0m [1m3s[0m 5ms/step - accuracy: 0.9905 - loss: 0.0302
[1m1163/1875[0m [32m============[0m[37m========[0m [1m3s[0m 5ms/step - accuracy: 0.9905 - loss: 0.0302
[1m1175/1875[0m [32m============[0m[37m========[0m [1m3s[0m 5ms/step - accuracy: 0.9905 - loss: 0.0302
[1m1187/1875[0m [32m============[0m[37m========[0m [1m3s[0m 5ms/step - accuracy: 0.9905 - loss: 0.0302
[1m1199/1875[0m [32m============[0m[37m========[0m [1m3s[0m 5ms/step - accuracy: 0.9905 - loss: 0.0302
[1m1211/1875[0m [32m============[0m[37m========[0m [1m3s[0m 5ms/step - accuracy: 0.9905 - loss: 0.0302
[1m1223/1875[0m [32m=============[0m[37m=======[0m [1m2s[0m 5ms/step - accuracy: 0.9905 - loss: 0.0302
[1m1234/1875[0m [32m=============[0m[37m=======[0m [1m2s[0m 5ms/step - accuracy: 0.9905 - loss: 0.0302
[1m1246/1875[0m [32m=============[0m[37m=======[0m [1m2s[0m 5ms/step - accuracy: 0.9905 - loss: 0.0302
[1m1258/1875[0m [32m=============[0m[37m=======[0m [1m2s[0m 5ms/step - accuracy: 0.9905 - loss: 0.0303
[1m1269/1875[0m [32m=============[0m[37m=======[0m [1m2s[0m 5ms/step - accuracy: 0.9905 - loss: 0.0303
[1m1280/1875[0m [32m=============[0m[37m=======[0m [1m2s[0m 5ms/step - accuracy: 0.9905 - loss: 0.0303
[1m1291/1875[0m [32m=============[0m[37m=======[0m [1m2s[0m 5ms/step - accuracy: 0.9905 - loss: 0.0303
[1m1302/1875[0m [32m=============[0m[37m=======[0m [1m2s[0m 5ms/step - accuracy: 0.9905 - loss: 0.0303
[1m1313/1875[0m [32m==============[0m[37m======[0m [1m2s[0m 5ms/step - accuracy: 0.9905 - loss: 0.0303
[1m1324/1875[0m [32m==============[0m[37m======[0m [1m2s[0m 5ms/step - accuracy: 0.9905 - loss: 0.0303
[1m1335/1875[0m [32m==============[0m[37m======[0m [1m2s[0m 5ms/step - accuracy: 0.9905 - loss: 0.0303
[1m1346/1875[0m [32m==============[0m[37m======[0m [1m2s[0m 5ms/step - accuracy: 0.9905 - loss: 0.0303
[1m1357/1875[0m [32m==============[0m[37m======[0m [1m2s[0m 5ms/step - accuracy: 0.9905 - loss: 0.0303
[1m1369/1875[0m [32m==============[0m[37m======[0m [1m2s[0m 5ms/step - accuracy: 0.9905 - loss: 0.0303
[1m1380/1875[0m [32m==============[0m[37m======[0m [1m2s[0m 5ms/step - accuracy: 0.9905 - loss: 0.0303
[1m1391/1875[0m [32m==============[0m[37m======[0m [1m2s[0m 5ms/step - accuracy: 0.9905 - loss: 0.0303
[1m1402/1875[0m [32m==============[0m[37m======[0m [1m2s[0m 5ms/step - accuracy: 0.9905 - loss: 0.0303
[1m1410/1875[0m [32m===============[0m[37m=====[0m [1m2s[0m 5ms/step - accuracy: 0.9905 - loss: 0.0303
[1m1421/1875[0m [32m===============[0m[37m=====[0m [1m2s[0m 5ms/step - accuracy: 0.9905 - loss: 0.0303
[1m1432/1875[0m [32m===============[0m[37m=====[0m [1m2s[0m 5ms/step - accuracy: 0.9905 - loss: 0.0303
[1m1444/1875[0m [32m===============[0m[37m=====[0m [1m1s[0m 5ms/step - accuracy: 0.9905 - loss: 0.0303
[1m1456/1875[0m [32m===============[0m[37m=====[0m [1m1s[0m 5ms/step - accuracy: 0.9905 - loss: 0.0304
[1m1468/1875[0m [32m===============[0m[37m=====[0m [1m1s[0m 5ms/step - accuracy: 0.9905 - loss: 0.0304
[1m1479/1875[0m [32m===============[0m[37m=====[0m [1m1s[0m 5ms/step - accuracy: 0.9905 - loss: 0.0304
[1m1491/1875[0m [32m===============[0m[37m=====[0m [1m1s[0m 5ms/step - accuracy: 0.9905 - loss: 0.0304
[1m1503/1875[0m [32m================[0m[37m====[0m [1m1s[0m 5ms/step - accuracy: 0.9905 - loss: 0.0304
[1m1514/1875[0m [32m================[0m[37m====[0m [1m1s[0m 5ms/step - accuracy: 0.9905 - loss: 0.0304
[1m1526/1875[0m [32m================[0m[37m====[0m [1m1s[0m 5ms/step - accuracy: 0.9905 - loss: 0.0304
[1m1538/1875[0m [32m================[0m[37m====[0m [1m1s[0m 5ms/step - accuracy: 0.9905 - loss: 0.0304
[1m1550/1875[0m [32m================[0m[37m====[0m [1m1s[0m 5ms/step - accuracy: 0.9905 - loss: 0.0304
[1m1562/1875[0m [32m================[0m[37m====[0m [1m1s[0m 5ms/step - accuracy: 0.9905 - loss: 0.0304
[1m1573/1875[0m [32m================[0m[37m====[0m [1m1s[0m 5ms/step - accuracy: 0.9905 - loss: 0.0304
[1m1585/1875[0m [32m================[0m[37m====[0m [1m1s[0m 5ms/step - accuracy: 0.9905 - loss: 0.0304
[1m1597/1875[0m [32m=================[0m[37m===[0m [1m1s[0m 5ms/step - accuracy: 0.9905 - loss: 0.0304
[1m1609/1875[0m [32m=================[0m[37m===[0m [1m1s[0m 5ms/step - accuracy: 0.9905 - loss: 0.0304
[1m1621/1875[0m [32m=================[0m[37m===[0m [1m1s[0m 5ms/step - accuracy: 0.9905 - loss: 0.0304
[1m1633/1875[0m [32m=================[0m[37m===[0m [1m1s[0m 5ms/step - accuracy: 0.9905 - loss: 0.0304
[1m1645/1875[0m [32m=================[0m[37m===[0m [1m1s[0m 5ms/step - accuracy: 0.9905 - loss: 0.0305
[1m1657/1875[0m [32m=================[0m[37m===[0m [1m0s[0m 5ms/step - accuracy: 0.9905 - loss: 0.0305
[1m1669/1875[0m [32m=================[0m[37m===[0m [1m0s[0m 5ms/step - accuracy: 0.9905 - loss: 0.0305
[1m1681/1875[0m [32m=================[0m[37m===[0m [1m0s[0m 5ms/step - accuracy: 0.9905 - loss: 0.0305
[1m1693/1875[0m [32m==================[0m[37m==[0m [1m0s[0m 5ms/step - accuracy: 0.9905 - loss: 0.0305
[1m1705/1875[0m [32m==================[0m[37m==[0m [1m0s[0m 5ms/step - accuracy: 0.9905 - loss: 0.0305
[1m1716/1875[0m [32m==================[0m[37m==[0m [1m0s[0m 5ms/step - accuracy: 0.9905 - loss: 0.0305
[1m1727/1875[0m [32m==================[0m[37m==[0m [1m0s[0m 5ms/step - accuracy: 0.9905 - loss: 0.0305
[1m1739/1875[0m [32m==================[0m[37m==[0m [1m0s[0m 5ms/step - accuracy: 0.9905 - loss: 0.0305
[1m1750/1875[0m [32m==================[0m[37m==[0m [1m0s[0m 5ms/step - accuracy: 0.9905 - loss: 0.0305
[1m1762/1875[0m [32m==================[0m[37m==[0m [1m0s[0m 5ms/step - accuracy: 0.9905 - loss: 0.0305
[1m1774/1875[0m [32m==================[0m[37m==[0m [1m0s[0m 5ms/step - accuracy: 0.9905 - loss: 0.0305
[1m1786/1875[0m [32m===================[0m[37m=[0m [1m0s[0m 5ms/step - accuracy: 0.9905 - loss: 0.0305
[1m1798/1875[0m [32m===================[0m[37m=[0m [1m0s[0m 5ms/step - accuracy: 0.9905 - loss: 0.0305
[1m1810/1875[0m [32m===================[0m[37m=[0m [1m0s[0m 5ms/step - accuracy: 0.9905 - loss: 0.0305
[1m1822/1875[0m [32m===================[0m[37m=[0m [1m0s[0m 5ms/step - accuracy: 0.9905 - loss: 0.0306
[1m1834/1875[0m [32m===================[0m[37m=[0m [1m0s[0m 5ms/step - accuracy: 0.9905 - loss: 0.0306
[1m1843/1875[0m [32m===================[0m[37m=[0m [1m0s[0m 5ms/step - accuracy: 0.9905 - loss: 0.0306
[1m1855/1875[0m [32m===================[0m[37m=[0m [1m0s[0m 5ms/step - accuracy: 0.9905 - loss: 0.0306
[1m1867/1875[0m [32m===================[0m[37m=[0m [1m0s[0m 5ms/step - accuracy: 0.9905 - loss: 0.0306
[1m1875/1875[0m [32m====================[0m[37m[0m [1m9s[0m 5ms/step - accuracy: 0.9905 - loss: 0.0306 - val_accuracy: 0.9843 - val_loss: 0.0418
Epoch 4/5

[1m   1/1875[0m [37m====================[0m [1m48s[0m 26ms/step - accuracy: 1.0000 - loss: 0.0025
[1m  11/1875[0m [37m====================[0m [1m9s[0m 5ms/step - accuracy: 0.9907 - loss: 0.0225  
[1m  23/1875[0m [37m====================[0m [1m8s[0m 5ms/step - accuracy: 0.9898 - loss: 0.0287
[1m  35/1875[0m [37m====================[0m [1m8s[0m 5ms/step - accuracy: 0.9904 - loss: 0.0281
[1m  46/1875[0m [37m====================[0m [1m8s[0m 5ms/step - accuracy: 0.9909 - loss: 0.0274
[1m  58/1875[0m [37m====================[0m [1m8s[0m 5ms/step - accuracy: 0.9912 - loss: 0.0269
[1m  69/1875[0m [37m====================[0m [1m8s[0m 5ms/step - accuracy: 0.9914 - loss: 0.0264
[1m  81/1875[0m [37m====================[0m [1m8s[0m 5ms/step - accuracy: 0.9915 - loss: 0.0260
[1m  93/1875[0m [37m====================[0m [1m8s[0m 5ms/step - accuracy: 0.9916 - loss: 0.0256
[1m 105/1875[0m [32m=[0m[37m===================[0m [1m8s[0m 5ms/step - accuracy: 0.9917 - loss: 0.0251
[1m 117/1875[0m [32m=[0m[37m===================[0m [1m7s[0m 5ms/step - accuracy: 0.9918 - loss: 0.0246
[1m 128/1875[0m [32m=[0m[37m===================[0m [1m7s[0m 5ms/step - accuracy: 0.9919 - loss: 0.0242
[1m 140/1875[0m [32m=[0m[37m===================[0m [1m7s[0m 5ms/step - accuracy: 0.9920 - loss: 0.0237
[1m 151/1875[0m [32m=[0m[37m===================[0m [1m7s[0m 5ms/step - accuracy: 0.9921 - loss: 0.0233
[1m 163/1875[0m [32m=[0m[37m===================[0m [1m7s[0m 5ms/step - accuracy: 0.9922 - loss: 0.0231
[1m 175/1875[0m [32m=[0m[37m===================[0m [1m7s[0m 5ms/step - accuracy: 0.9922 - loss: 0.0229
[1m 187/1875[0m [32m=[0m[37m===================[0m [1m7s[0m 4ms/step - accuracy: 0.9923 - loss: 0.0228
[1m 199/1875[0m [32m==[0m[37m==================[0m [1m7s[0m 4ms/step - accuracy: 0.9923 - loss: 0.0226
[1m 211/1875[0m [32m==[0m[37m==================[0m [1m7s[0m 4ms/step - accuracy: 0.9924 - loss: 0.0224
[1m 223/1875[0m [32m==[0m[37m==================[0m [1m7s[0m 4ms/step - accuracy: 0.9924 - loss: 0.0222
[1m 235/1875[0m [32m==[0m[37m==================[0m [1m7s[0m 4ms/step - accuracy: 0.9925 - loss: 0.0221
[1m 247/1875[0m [32m==[0m[37m==================[0m [1m7s[0m 4ms/step - accuracy: 0.9925 - loss: 0.0219
[1m 259/1875[0m [32m==[0m[37m==================[0m [1m7s[0m 4ms/step - accuracy: 0.9926 - loss: 0.0218
[1m 271/1875[0m [32m==[0m[37m==================[0m [1m7s[0m 4ms/step - accuracy: 0.9926 - loss: 0.0217
[1m 282/1875[0m [32m===[0m[37m=================[0m [1m7s[0m 4ms/step - accuracy: 0.9926 - loss: 0.0216
[1m 294/1875[0m [32m===[0m[37m=================[0m [1m7s[0m 4ms/step - accuracy: 0.9926 - loss: 0.0215
[1m 306/1875[0m [32m===[0m[37m=================[0m [1m7s[0m 4ms/step - accuracy: 0.9926 - loss: 0.0215
[1m 318/1875[0m [32m===[0m[37m=================[0m [1m6s[0m 4ms/step - accuracy: 0.9926 - loss: 0.0214
[1m 330/1875[0m [32m===[0m[37m=================[0m [1m6s[0m 4ms/step - accuracy: 0.9926 - loss: 0.0213
[1m 342/1875[0m [32m===[0m[37m=================[0m [1m6s[0m 4ms/step - accuracy: 0.9927 - loss: 0.0213
[1m 350/1875[0m [32m===[0m[37m=================[0m [1m6s[0m 5ms/step - accuracy: 0.9927 - loss: 0.0213
[1m 362/1875[0m [32m===[0m[37m=================[0m [1m6s[0m 5ms/step - accuracy: 0.9927 - loss: 0.0212
[1m 373/1875[0m [32m===[0m[37m=================[0m [1m6s[0m 5ms/step - accuracy: 0.9927 - loss: 0.0212
[1m 385/1875[0m [32m====[0m[37m================[0m [1m6s[0m 5ms/step - accuracy: 0.9927 - loss: 0.0212
[1m 397/1875[0m [32m====[0m[37m================[0m [1m6s[0m 5ms/step - accuracy: 0.9927 - loss: 0.0211
[1m 409/1875[0m [32m====[0m[37m================[0m [1m6s[0m 5ms/step - accuracy: 0.9927 - loss: 0.0211
[1m 421/1875[0m [32m====[0m[37m================[0m [1m6s[0m 4ms/step - accuracy: 0.9927 - loss: 0.0210
[1m 433/1875[0m [32m====[0m[37m================[0m [1m6s[0m 4ms/step - accuracy: 0.9927 - loss: 0.0210
[1m 445/1875[0m [32m====[0m[37m================[0m [1m6s[0m 4ms/step - accuracy: 0.9928 - loss: 0.0210
[1m 456/1875[0m [32m====[0m[37m================[0m [1m6s[0m 4ms/step - accuracy: 0.9928 - loss: 0.0209
[1m 467/1875[0m [32m====[0m[37m================[0m [1m6s[0m 5ms/step - accuracy: 0.9928 - loss: 0.0209
[1m 478/1875[0m [32m=====[0m[37m===============[0m [1m6s[0m 5ms/step - accuracy: 0.9928 - loss: 0.0209
[1m 488/1875[0m [32m=====[0m[37m===============[0m [1m6s[0m 5ms/step - accuracy: 0.9928 - loss: 0.0208
[1m 499/1875[0m [32m=====[0m[37m===============[0m [1m6s[0m 5ms/step - accuracy: 0.9928 - loss: 0.0208
[1m 510/1875[0m [32m=====[0m[37m===============[0m [1m6s[0m 5ms/step - accuracy: 0.9928 - loss: 0.0208
[1m 521/1875[0m [32m=====[0m[37m===============[0m [1m6s[0m 5ms/step - accuracy: 0.9929 - loss: 0.0208
[1m 532/1875[0m [32m=====[0m[37m===============[0m [1m6s[0m 5ms/step - accuracy: 0.9929 - loss: 0.0208
[1m 543/1875[0m [32m=====[0m[37m===============[0m [1m6s[0m 5ms/step - accuracy: 0.9929 - loss: 0.0208
[1m 553/1875[0m [32m=====[0m[37m===============[0m [1m6s[0m 5ms/step - accuracy: 0.9929 - loss: 0.0208
[1m 563/1875[0m [32m======[0m[37m==============[0m [1m6s[0m 5ms/step - accuracy: 0.9929 - loss: 0.0208
[1m 574/1875[0m [32m======[0m[37m==============[0m [1m5s[0m 5ms/step - accuracy: 0.9929 - loss: 0.0208
[1m 585/1875[0m [32m======[0m[37m==============[0m [1m5s[0m 5ms/step - accuracy: 0.9929 - loss: 0.0208
[1m 596/1875[0m [32m======[0m[37m==============[0m [1m5s[0m 5ms/step - accuracy: 0.9929 - loss: 0.0208
[1m 607/1875[0m [32m======[0m[37m==============[0m [1m5s[0m 5ms/step - accuracy: 0.9929 - loss: 0.0208
[1m 618/1875[0m [32m======[0m[37m==============[0m [1m5s[0m 5ms/step - accuracy: 0.9929 - loss: 0.0208
[1m 630/1875[0m [32m======[0m[37m==============[0m [1m5s[0m 5ms/step - accuracy: 0.9929 - loss: 0.0208
[1m 641/1875[0m [32m======[0m[37m==============[0m [1m5s[0m 5ms/step - accuracy: 0.9929 - loss: 0.0208
[1m 653/1875[0m [32m======[0m[37m==============[0m [1m5s[0m 5ms/step - accuracy: 0.9930 - loss: 0.0208
[1m 664/1875[0m [32m=======[0m[37m=============[0m [1m5s[0m 5ms/step - accuracy: 0.9930 - loss: 0.0208
[1m 674/1875[0m [32m=======[0m[37m=============[0m [1m5s[0m 5ms/step - accuracy: 0.9930 - loss: 0.0208
[1m 683/1875[0m [32m=======[0m[37m=============[0m [1m5s[0m 5ms/step - accuracy: 0.9930 - loss: 0.0208
[1m 692/1875[0m [32m=======[0m[37m=============[0m [1m5s[0m 5ms/step - accuracy: 0.9930 - loss: 0.0208
[1m 701/1875[0m [32m=======[0m[37m=============[0m [1m5s[0m 5ms/step - accuracy: 0.9930 - loss: 0.0207
[1m 711/1875[0m [32m=======[0m[37m=============[0m [1m5s[0m 5ms/step - accuracy: 0.9930 - loss: 0.0207
[1m 718/1875[0m [32m=======[0m[37m=============[0m [1m5s[0m 5ms/step - accuracy: 0.9930 - loss: 0.0207
[1m 727/1875[0m [32m=======[0m[37m=============[0m [1m5s[0m 5ms/step - accuracy: 0.9930 - loss: 0.0207
[1m 737/1875[0m [32m=======[0m[37m=============[0m [1m5s[0m 5ms/step - accuracy: 0.9930 - loss: 0.0207
[1m 747/1875[0m [32m=======[0m[37m=============[0m [1m5s[0m 5ms/step - accuracy: 0.9930 - loss: 0.0207
[1m 758/1875[0m [32m========[0m[37m============[0m [1m5s[0m 5ms/step - accuracy: 0.9930 - loss: 0.0207
[1m 767/1875[0m [32m========[0m[37m============[0m [1m5s[0m 5ms/step - accuracy: 0.9930 - loss: 0.0207
[1m 776/1875[0m [32m========[0m[37m============[0m [1m5s[0m 5ms/step - accuracy: 0.9930 - loss: 0.0207
[1m 786/1875[0m [32m========[0m[37m============[0m [1m5s[0m 5ms/step - accuracy: 0.9930 - loss: 0.0207
[1m 797/1875[0m [32m========[0m[37m============[0m [1m5s[0m 5ms/step - accuracy: 0.9930 - loss: 0.0207
[1m 808/1875[0m [32m========[0m[37m============[0m [1m5s[0m 5ms/step - accuracy: 0.9930 - loss: 0.0207
[1m 819/1875[0m [32m========[0m[37m============[0m [1m5s[0m 5ms/step - accuracy: 0.9930 - loss: 0.0207
[1m 831/1875[0m [32m========[0m[37m============[0m [1m4s[0m 5ms/step - accuracy: 0.9930 - loss: 0.0207
[1m 843/1875[0m [32m========[0m[37m============[0m [1m4s[0m 5ms/step - accuracy: 0.9930 - loss: 0.0207
[1m 855/1875[0m [32m=========[0m[37m===========[0m [1m4s[0m 5ms/step - accuracy: 0.9930 - loss: 0.0207
[1m 867/1875[0m [32m=========[0m[37m===========[0m [1m4s[0m 5ms/step - accuracy: 0.9930 - loss: 0.0207
[1m 879/1875[0m [32m=========[0m[37m===========[0m [1m4s[0m 5ms/step - accuracy: 0.9930 - loss: 0.0207
[1m 891/1875[0m [32m=========[0m[37m===========[0m [1m4s[0m 5ms/step - accuracy: 0.9931 - loss: 0.0206
[1m 902/1875[0m [32m=========[0m[37m===========[0m [1m4s[0m 5ms/step - accuracy: 0.9931 - loss: 0.0206
[1m 914/1875[0m [32m=========[0m[37m===========[0m [1m4s[0m 5ms/step - accuracy: 0.9931 - loss: 0.0206
[1m 926/1875[0m [32m=========[0m[37m===========[0m [1m4s[0m 5ms/step - accuracy: 0.9931 - loss: 0.0206
[1m 938/1875[0m [32m==========[0m[37m==========[0m [1m4s[0m 5ms/step - accuracy: 0.9931 - loss: 0.0206
[1m 950/1875[0m [32m==========[0m[37m==========[0m [1m4s[0m 5ms/step - accuracy: 0.9931 - loss: 0.0206
[1m 962/1875[0m [32m==========[0m[37m==========[0m [1m4s[0m 5ms/step - accuracy: 0.9931 - loss: 0.0206
[1m 974/1875[0m [32m==========[0m[37m==========[0m [1m4s[0m 5ms/step - accuracy: 0.9931 - loss: 0.0206
[1m 986/1875[0m [32m==========[0m[37m==========[0m [1m4s[0m 5ms/step - accuracy: 0.9931 - loss: 0.0206
[1m 998/1875[0m [32m==========[0m[37m==========[0m [1m4s[0m 5ms/step - accuracy: 0.9931 - loss: 0.0206
[1m1010/1875[0m [32m==========[0m[37m==========[0m [1m4s[0m 5ms/step - accuracy: 0.9931 - loss: 0.0206
[1m1022/1875[0m [32m==========[0m[37m==========[0m [1m4s[0m 5ms/step - accuracy: 0.9931 - loss: 0.0206
[1m1034/1875[0m [32m===========[0m[37m=========[0m [1m3s[0m 5ms/step - accuracy: 0.9931 - loss: 0.0206
[1m1046/1875[0m [32m===========[0m[37m=========[0m [1m3s[0m 5ms/step - accuracy: 0.9931 - loss: 0.0206
[1m1058/1875[0m [32m===========[0m[37m=========[0m [1m3s[0m 5ms/step - accuracy: 0.9931 - loss: 0.0206
[1m1070/1875[0m [32m===========[0m[37m=========[0m [1m3s[0m 5ms/step - accuracy: 0.9931 - loss: 0.0206
[1m1078/1875[0m [32m===========[0m[37m=========[0m [1m3s[0m 5ms/step - accuracy: 0.9931 - loss: 0.0206
[1m1090/1875[0m [32m===========[0m[37m=========[0m [1m3s[0m 5ms/step - accuracy: 0.9931 - loss: 0.0206
[1m1102/1875[0m [32m===========[0m[37m=========[0m [1m3s[0m 5ms/step - accuracy: 0.9931 - loss: 0.0206
[1m1113/1875[0m [32m===========[0m[37m=========[0m [1m3s[0m 5ms/step - accuracy: 0.9931 - loss: 0.0205
[1m1125/1875[0m [32m============[0m[37m========[0m [1m3s[0m 5ms/step - accuracy: 0.9931 - loss: 0.0205
[1m1137/1875[0m [32m============[0m[37m========[0m [1m3s[0m 5ms/step - accuracy: 0.9931 - loss: 0.0205
[1m1149/1875[0m [32m============[0m[37m========[0m [1m3s[0m 5ms/step - accuracy: 0.9931 - loss: 0.0205
[1m1161/1875[0m [32m============[0m[37m========[0m [1m3s[0m 5ms/step - accuracy: 0.9931 - loss: 0.0205
[1m1173/1875[0m [32m============[0m[37m========[0m [1m3s[0m 5ms/step - accuracy: 0.9931 - loss: 0.0205
[1m1185/1875[0m [32m============[0m[37m========[0m [1m3s[0m 5ms/step - accuracy: 0.9931 - loss: 0.0205
[1m1197/1875[0m [32m============[0m[37m========[0m [1m3s[0m 5ms/step - accuracy: 0.9931 - loss: 0.0205
[1m1209/1875[0m [32m============[0m[37m========[0m [1m3s[0m 5ms/step - accuracy: 0.9931 - loss: 0.0205
[1m1221/1875[0m [32m=============[0m[37m=======[0m [1m3s[0m 5ms/step - accuracy: 0.9931 - loss: 0.0205
[1m1233/1875[0m [32m=============[0m[37m=======[0m [1m2s[0m 5ms/step - accuracy: 0.9931 - loss: 0.0205
[1m1245/1875[0m [32m=============[0m[37m=======[0m [1m2s[0m 5ms/step - accuracy: 0.9931 - loss: 0.0205
[1m1257/1875[0m [32m=============[0m[37m=======[0m [1m2s[0m 5ms/step - accuracy: 0.9931 - loss: 0.0205
[1m1269/1875[0m [32m=============[0m[37m=======[0m [1m2s[0m 5ms/step - accuracy: 0.9932 - loss: 0.0205
[1m1281/1875[0m [32m=============[0m[37m=======[0m [1m2s[0m 5ms/step - accuracy: 0.9932 - loss: 0.0205
[1m1293/1875[0m [32m=============[0m[37m=======[0m [1m2s[0m 5ms/step - accuracy: 0.9932 - loss: 0.0205
[1m1304/1875[0m [32m=============[0m[37m=======[0m [1m2s[0m 5ms/step - accuracy: 0.9932 - loss: 0.0205
[1m1316/1875[0m [32m==============[0m[37m======[0m [1m2s[0m 5ms/step - accuracy: 0.9932 - loss: 0.0205
[1m1328/1875[0m [32m==============[0m[37m======[0m [1m2s[0m 5ms/step - accuracy: 0.9932 - loss: 0.0205
[1m1340/1875[0m [32m==============[0m[37m======[0m [1m2s[0m 5ms/step - accuracy: 0.9932 - loss: 0.0204
[1m1350/1875[0m [32m==============[0m[37m======[0m [1m2s[0m 5ms/step - accuracy: 0.9932 - loss: 0.0204
[1m1362/1875[0m [32m==============[0m[37m======[0m [1m2s[0m 5ms/step - accuracy: 0.9932 - loss: 0.0204
[1m1374/1875[0m [32m==============[0m[37m======[0m [1m2s[0m 5ms/step - accuracy: 0.9932 - loss: 0.0204
[1m1386/1875[0m [32m==============[0m[37m======[0m [1m2s[0m 5ms/step - accuracy: 0.9932 - loss: 0.0204
[1m1398/1875[0m [32m==============[0m[37m======[0m [1m2s[0m 5ms/step - accuracy: 0.9932 - loss: 0.0204
[1m1410/1875[0m [32m===============[0m[37m=====[0m [1m2s[0m 5ms/step - accuracy: 0.9932 - loss: 0.0204
[1m1422/1875[0m [32m===============[0m[37m=====[0m [1m2s[0m 5ms/step - accuracy: 0.9932 - loss: 0.0204
[1m1434/1875[0m [32m===============[0m[37m=====[0m [1m2s[0m 5ms/step - accuracy: 0.9932 - loss: 0.0204
[1m1446/1875[0m [32m===============[0m[37m=====[0m [1m1s[0m 5ms/step - accuracy: 0.9932 - loss: 0.0204
[1m1454/1875[0m [32m===============[0m[37m=====[0m [1m1s[0m 5ms/step - accuracy: 0.9932 - loss: 0.0204
[1m1465/1875[0m [32m===============[0m[37m=====[0m [1m1s[0m 5ms/step - accuracy: 0.9932 - loss: 0.0203
[1m1476/1875[0m [32m===============[0m[37m=====[0m [1m1s[0m 5ms/step - accuracy: 0.9932 - loss: 0.0203
[1m1486/1875[0m [32m===============[0m[37m=====[0m [1m1s[0m 5ms/step - accuracy: 0.9932 - loss: 0.0203
[1m1495/1875[0m [32m===============[0m[37m=====[0m [1m1s[0m 5ms/step - accuracy: 0.9932 - loss: 0.0203
[1m1503/1875[0m [32m================[0m[37m====[0m [1m1s[0m 5ms/step - accuracy: 0.9932 - loss: 0.0203
[1m1512/1875[0m [32m================[0m[37m====[0m [1m1s[0m 5ms/step - accuracy: 0.9932 - loss: 0.0203
[1m1523/1875[0m [32m================[0m[37m====[0m [1m1s[0m 5ms/step - accuracy: 0.9932 - loss: 0.0203
[1m1534/1875[0m [32m================[0m[37m====[0m [1m1s[0m 5ms/step - accuracy: 0.9932 - loss: 0.0203
[1m1546/1875[0m [32m================[0m[37m====[0m [1m1s[0m 5ms/step - accuracy: 0.9932 - loss: 0.0203
[1m1558/1875[0m [32m================[0m[37m====[0m [1m1s[0m 5ms/step - accuracy: 0.9932 - loss: 0.0203
[1m1570/1875[0m [32m================[0m[37m====[0m [1m1s[0m 5ms/step - accuracy: 0.9932 - loss: 0.0203
[1m1581/1875[0m [32m================[0m[37m====[0m [1m1s[0m 5ms/step - accuracy: 0.9932 - loss: 0.0203
[1m1591/1875[0m [32m================[0m[37m====[0m [1m1s[0m 5ms/step - accuracy: 0.9932 - loss: 0.0203
[1m1600/1875[0m [32m=================[0m[37m===[0m [1m1s[0m 5ms/step - accuracy: 0.9932 - loss: 0.0203
[1m1609/1875[0m [32m=================[0m[37m===[0m [1m1s[0m 5ms/step - accuracy: 0.9933 - loss: 0.0203
[1m1619/1875[0m [32m=================[0m[37m===[0m [1m1s[0m 5ms/step - accuracy: 0.9933 - loss: 0.0202
[1m1630/1875[0m [32m=================[0m[37m===[0m [1m1s[0m 5ms/step - accuracy: 0.9933 - loss: 0.0202
[1m1641/1875[0m [32m=================[0m[37m===[0m [1m1s[0m 5ms/step - accuracy: 0.9933 - loss: 0.0202
[1m1653/1875[0m [32m=================[0m[37m===[0m [1m1s[0m 5ms/step - accuracy: 0.9933 - loss: 0.0202
[1m1665/1875[0m [32m=================[0m[37m===[0m [1m0s[0m 5ms/step - accuracy: 0.9933 - loss: 0.0202
[1m1677/1875[0m [32m=================[0m[37m===[0m [1m0s[0m 5ms/step - accuracy: 0.9933 - loss: 0.0202
[1m1689/1875[0m [32m==================[0m[37m==[0m [1m0s[0m 5ms/step - accuracy: 0.9933 - loss: 0.0202
[1m1701/1875[0m [32m==================[0m[37m==[0m [1m0s[0m 5ms/step - accuracy: 0.9933 - loss: 0.0202
[1m1712/1875[0m [32m==================[0m[37m==[0m [1m0s[0m 5ms/step - accuracy: 0.9933 - loss: 0.0202
[1m1723/1875[0m [32m==================[0m[37m==[0m [1m0s[0m 5ms/step - accuracy: 0.9933 - loss: 0.0202
[1m1733/1875[0m [32m==================[0m[37m==[0m [1m0s[0m 5ms/step - accuracy: 0.9933 - loss: 0.0202
[1m1744/1875[0m [32m==================[0m[37m==[0m [1m0s[0m 5ms/step - accuracy: 0.9933 - loss: 0.0202
[1m1754/1875[0m [32m==================[0m[37m==[0m [1m0s[0m 5ms/step - accuracy: 0.9933 - loss: 0.0202
[1m1762/1875[0m [32m==================[0m[37m==[0m [1m0s[0m 5ms/step - accuracy: 0.9933 - loss: 0.0202
[1m1773/1875[0m [32m==================[0m[37m==[0m [1m0s[0m 5ms/step - accuracy: 0.9933 - loss: 0.0202
[1m1784/1875[0m [32m===================[0m[37m=[0m [1m0s[0m 5ms/step - accuracy: 0.9933 - loss: 0.0202
[1m1795/1875[0m [32m===================[0m[37m=[0m [1m0s[0m 5ms/step - accuracy: 0.9933 - loss: 0.0202
[1m1805/1875[0m [32m===================[0m[37m=[0m [1m0s[0m 5ms/step - accuracy: 0.9933 - loss: 0.0202
[1m1815/1875[0m [32m===================[0m[37m=[0m [1m0s[0m 5ms/step - accuracy: 0.9933 - loss: 0.0202
[1m1825/1875[0m [32m===================[0m[37m=[0m [1m0s[0m 5ms/step - accuracy: 0.9933 - loss: 0.0202
[1m1836/1875[0m [32m===================[0m[37m=[0m [1m0s[0m 5ms/step - accuracy: 0.9933 - loss: 0.0202
[1m1847/1875[0m [32m===================[0m[37m=[0m [1m0s[0m 5ms/step - accuracy: 0.9933 - loss: 0.0202
[1m1858/1875[0m [32m===================[0m[37m=[0m [1m0s[0m 5ms/step - accuracy: 0.9933 - loss: 0.0202
[1m1869/1875[0m [32m===================[0m[37m=[0m [1m0s[0m 5ms/step - accuracy: 0.9933 - loss: 0.0202
[1m1875/1875[0m [32m====================[0m[37m[0m [1m9s[0m 5ms/step - accuracy: 0.9933 - loss: 0.0202 - val_accuracy: 0.9824 - val_loss: 0.0560
Epoch 5/5

[1m   1/1875[0m [37m====================[0m [1m48s[0m 26ms/step - accuracy: 1.0000 - loss: 9.3358e-04
[1m  12/1875[0m [37m====================[0m [1m8s[0m 5ms/step - accuracy: 0.9874 - loss: 0.0288      
[1m  24/1875[0m [37m====================[0m [1m8s[0m 5ms/step - accuracy: 0.9887 - loss: 0.0261
[1m  36/1875[0m [37m====================[0m [1m8s[0m 4ms/step - accuracy: 0.9897 - loss: 0.0243
[1m  48/1875[0m [37m====================[0m [1m8s[0m 4ms/step - accuracy: 0.9905 - loss: 0.0226
[1m  60/1875[0m [37m====================[0m [1m8s[0m 4ms/step - accuracy: 0.9911 - loss: 0.0219
[1m  71/1875[0m [37m====================[0m [1m8s[0m 4ms/step - accuracy: 0.9915 - loss: 0.0212
[1m  83/1875[0m [37m====================[0m [1m7s[0m 4ms/step - accuracy: 0.9918 - loss: 0.0206
[1m  95/1875[0m [32m=[0m[37m===================[0m [1m7s[0m 4ms/step - accuracy: 0.9922 - loss: 0.0200
[1m 107/1875[0m [32m=[0m[37m===================[0m [1m7s[0m 4ms/step - accuracy: 0.9923 - loss: 0.0196
[1m 119/1875[0m [32m=[0m[37m===================[0m [1m7s[0m 4ms/step - accuracy: 0.9924 - loss: 0.0193
[1m 131/1875[0m [32m=[0m[37m===================[0m [1m7s[0m 4ms/step - accuracy: 0.9925 - loss: 0.0189
[1m 143/1875[0m [32m=[0m[37m===================[0m [1m7s[0m 4ms/step - accuracy: 0.9927 - loss: 0.0186
[1m 155/1875[0m [32m=[0m[37m===================[0m [1m7s[0m 4ms/step - accuracy: 0.9928 - loss: 0.0182
[1m 167/1875[0m [32m=[0m[37m===================[0m [1m7s[0m 4ms/step - accuracy: 0.9929 - loss: 0.0179
[1m 178/1875[0m [32m=[0m[37m===================[0m [1m7s[0m 4ms/step - accuracy: 0.9930 - loss: 0.0176
[1m 190/1875[0m [32m==[0m[37m==================[0m [1m7s[0m 4ms/step - accuracy: 0.9932 - loss: 0.0174
[1m 202/1875[0m [32m==[0m[37m==================[0m [1m7s[0m 4ms/step - accuracy: 0.9933 - loss: 0.0171
[1m 214/1875[0m [32m==[0m[37m==================[0m [1m7s[0m 4ms/step - accuracy: 0.9934 - loss: 0.0169
[1m 223/1875[0m [32m==[0m[37m==================[0m [1m7s[0m 5ms/step - accuracy: 0.9935 - loss: 0.0167
[1m 235/1875[0m [32m==[0m[37m==================[0m [1m7s[0m 5ms/step - accuracy: 0.9936 - loss: 0.0166
[1m 246/1875[0m [32m==[0m[37m==================[0m [1m7s[0m 5ms/step - accuracy: 0.9937 - loss: 0.0164
[1m 258/1875[0m [32m==[0m[37m==================[0m [1m7s[0m 5ms/step - accuracy: 0.9938 - loss: 0.0162
[1m 269/1875[0m [32m==[0m[37m==================[0m [1m7s[0m 5ms/step - accuracy: 0.9939 - loss: 0.0161
[1m 281/1875[0m [32m==[0m[37m==================[0m [1m7s[0m 5ms/step - accuracy: 0.9940 - loss: 0.0159
[1m 293/1875[0m [32m===[0m[37m=================[0m [1m7s[0m 5ms/step - accuracy: 0.9940 - loss: 0.0157
[1m 305/1875[0m [32m===[0m[37m=================[0m [1m7s[0m 5ms/step - accuracy: 0.9941 - loss: 0.0156
[1m 317/1875[0m [32m===[0m[37m=================[0m [1m7s[0m 4ms/step - accuracy: 0.9942 - loss: 0.0155
[1m 329/1875[0m [32m===[0m[37m=================[0m [1m6s[0m 5ms/step - accuracy: 0.9943 - loss: 0.0154
[1m 341/1875[0m [32m===[0m[37m=================[0m [1m6s[0m 4ms/step - accuracy: 0.9943 - loss: 0.0153
[1m 353/1875[0m [32m===[0m[37m=================[0m [1m6s[0m 4ms/step - accuracy: 0.9944 - loss: 0.0152
[1m 363/1875[0m [32m===[0m[37m=================[0m [1m6s[0m 5ms/step - accuracy: 0.9944 - loss: 0.0151
[1m 373/1875[0m [32m===[0m[37m=================[0m [1m6s[0m 5ms/step - accuracy: 0.9945 - loss: 0.0150
[1m 383/1875[0m [32m====[0m[37m================[0m [1m6s[0m 5ms/step - accuracy: 0.9945 - loss: 0.0149
[1m 392/1875[0m [32m====[0m[37m================[0m [1m6s[0m 5ms/step - accuracy: 0.9946 - loss: 0.0149
[1m 403/1875[0m [32m====[0m[37m================[0m [1m6s[0m 5ms/step - accuracy: 0.9946 - loss: 0.0148
[1m 415/1875[0m [32m====[0m[37m================[0m [1m6s[0m 5ms/step - accuracy: 0.9947 - loss: 0.0147
[1m 427/1875[0m [32m====[0m[37m================[0m [1m6s[0m 5ms/step - accuracy: 0.9947 - loss: 0.0146
[1m 439/1875[0m [32m====[0m[37m================[0m [1m6s[0m 5ms/step - accuracy: 0.9948 - loss: 0.0146
[1m 451/1875[0m [32m====[0m[37m================[0m [1m6s[0m 5ms/step - accuracy: 0.9948 - loss: 0.0145
[1m 463/1875[0m [32m====[0m[37m================[0m [1m6s[0m 5ms/step - accuracy: 0.9948 - loss: 0.0144
[1m 474/1875[0m [32m=====[0m[37m===============[0m [1m6s[0m 5ms/step - accuracy: 0.9949 - loss: 0.0144
[1m 485/1875[0m [32m=====[0m[37m===============[0m [1m6s[0m 5ms/step - accuracy: 0.9949 - loss: 0.0143
[1m 495/1875[0m [32m=====[0m[37m===============[0m [1m6s[0m 5ms/step - accuracy: 0.9949 - loss: 0.0143
[1m 504/1875[0m [32m=====[0m[37m===============[0m [1m6s[0m 5ms/step - accuracy: 0.9949 - loss: 0.0143
[1m 514/1875[0m [32m=====[0m[37m===============[0m [1m6s[0m 5ms/step - accuracy: 0.9949 - loss: 0.0142
[1m 522/1875[0m [32m=====[0m[37m===============[0m [1m6s[0m 5ms/step - accuracy: 0.9949 - loss: 0.0142
[1m 533/1875[0m [32m=====[0m[37m===============[0m [1m6s[0m 5ms/step - accuracy: 0.9950 - loss: 0.0141
[1m 544/1875[0m [32m=====[0m[37m===============[0m [1m6s[0m 5ms/step - accuracy: 0.9950 - loss: 0.0141
[1m 554/1875[0m [32m=====[0m[37m===============[0m [1m6s[0m 5ms/step - accuracy: 0.9950 - loss: 0.0141
[1m 564/1875[0m [32m======[0m[37m==============[0m [1m6s[0m 5ms/step - accuracy: 0.9950 - loss: 0.0140
[1m 574/1875[0m [32m======[0m[37m==============[0m [1m6s[0m 5ms/step - accuracy: 0.9950 - loss: 0.0140
[1m 584/1875[0m [32m======[0m[37m==============[0m [1m6s[0m 5ms/step - accuracy: 0.9950 - loss: 0.0140
[1m 594/1875[0m [32m======[0m[37m==============[0m [1m6s[0m 5ms/step - accuracy: 0.9951 - loss: 0.0140
[1m 604/1875[0m [32m======[0m[37m==============[0m [1m5s[0m 5ms/step - accuracy: 0.9951 - loss: 0.0139
[1m 615/1875[0m [32m======[0m[37m==============[0m [1m5s[0m 5ms/step - accuracy: 0.9951 - loss: 0.0139
[1m 625/1875[0m [32m======[0m[37m==============[0m [1m5s[0m 5ms/step - accuracy: 0.9951 - loss: 0.0139
[1m 635/1875[0m [32m======[0m[37m==============[0m [1m5s[0m 5ms/step - accuracy: 0.9951 - loss: 0.0138
[1m 644/1875[0m [32m======[0m[37m==============[0m [1m5s[0m 5ms/step - accuracy: 0.9951 - loss: 0.0138
[1m 653/1875[0m [32m======[0m[37m==============[0m [1m5s[0m 5ms/step - accuracy: 0.9951 - loss: 0.0138
[1m 663/1875[0m [32m=======[0m[37m=============[0m [1m5s[0m 5ms/step - accuracy: 0.9952 - loss: 0.0138
[1m 674/1875[0m [32m=======[0m[37m=============[0m [1m5s[0m 5ms/step - accuracy: 0.9952 - loss: 0.0137
[1m 684/1875[0m [32m=======[0m[37m=============[0m [1m5s[0m 5ms/step - accuracy: 0.9952 - loss: 0.0137
[1m 694/1875[0m [32m=======[0m[37m=============[0m [1m5s[0m 5ms/step - accuracy: 0.9952 - loss: 0.0137
[1m 704/1875[0m [32m=======[0m[37m=============[0m [1m5s[0m 5ms/step - accuracy: 0.9952 - loss: 0.0137
[1m 714/1875[0m [32m=======[0m[37m=============[0m [1m5s[0m 5ms/step - accuracy: 0.9952 - loss: 0.0137
[1m 724/1875[0m [32m=======[0m[37m=============[0m [1m5s[0m 5ms/step - accuracy: 0.9952 - loss: 0.0137
[1m 732/1875[0m [32m=======[0m[37m=============[0m [1m5s[0m 5ms/step - accuracy: 0.9952 - loss: 0.0136
[1m 742/1875[0m [32m=======[0m[37m=============[0m [1m5s[0m 5ms/step - accuracy: 0.9953 - loss: 0.0136
[1m 751/1875[0m [32m========[0m[37m============[0m [1m5s[0m 5ms/step - accuracy: 0.9953 - loss: 0.0136
[1m 761/1875[0m [32m========[0m[37m============[0m [1m5s[0m 5ms/step - accuracy: 0.9953 - loss: 0.0136
[1m 770/1875[0m [32m========[0m[37m============[0m [1m5s[0m 5ms/step - accuracy: 0.9953 - loss: 0.0136
[1m 780/1875[0m [32m========[0m[37m============[0m [1m5s[0m 5ms/step - accuracy: 0.9953 - loss: 0.0135
[1m 791/1875[0m [32m========[0m[37m============[0m [1m5s[0m 5ms/step - accuracy: 0.9953 - loss: 0.0135
[1m 803/1875[0m [32m========[0m[37m============[0m [1m5s[0m 5ms/step - accuracy: 0.9953 - loss: 0.0135
[1m 815/1875[0m [32m========[0m[37m============[0m [1m5s[0m 5ms/step - accuracy: 0.9953 - loss: 0.0135
[1m 826/1875[0m [32m========[0m[37m============[0m [1m5s[0m 5ms/step - accuracy: 0.9953 - loss: 0.0135
[1m 837/1875[0m [32m========[0m[37m============[0m [1m5s[0m 5ms/step - accuracy: 0.9953 - loss: 0.0135
[1m 848/1875[0m [32m=========[0m[37m===========[0m [1m4s[0m 5ms/step - accuracy: 0.9954 - loss: 0.0134
[1m 858/1875[0m [32m=========[0m[37m===========[0m [1m4s[0m 5ms/step - accuracy: 0.9954 - loss: 0.0134
[1m 868/1875[0m [32m=========[0m[37m===========[0m [1m4s[0m 5ms/step - accuracy: 0.9954 - loss: 0.0134
[1m 878/1875[0m [32m=========[0m[37m===========[0m [1m4s[0m 5ms/step - accuracy: 0.9954 - loss: 0.0134
[1m 888/1875[0m [32m=========[0m[37m===========[0m [1m4s[0m 5ms/step - accuracy: 0.9954 - loss: 0.0134
[1m 897/1875[0m [32m=========[0m[37m===========[0m [1m4s[0m 5ms/step - accuracy: 0.9954 - loss: 0.0134
[1m 907/1875[0m [32m=========[0m[37m===========[0m [1m4s[0m 5ms/step - accuracy: 0.9954 - loss: 0.0134
[1m 917/1875[0m [32m=========[0m[37m===========[0m [1m4s[0m 5ms/step - accuracy: 0.9954 - loss: 0.0134
[1m 927/1875[0m [32m=========[0m[37m===========[0m [1m4s[0m 5ms/step - accuracy: 0.9954 - loss: 0.0134
[1m 937/1875[0m [32m=========[0m[37m===========[0m [1m4s[0m 5ms/step - accuracy: 0.9954 - loss: 0.0134
[1m 943/1875[0m [32m==========[0m[37m==========[0m [1m4s[0m 5ms/step - accuracy: 0.9954 - loss: 0.0134
[1m 950/1875[0m [32m==========[0m[37m==========[0m [1m4s[0m 5ms/step - accuracy: 0.9954 - loss: 0.0134
[1m 960/1875[0m [32m==========[0m[37m==========[0m [1m4s[0m 5ms/step - accuracy: 0.9954 - loss: 0.0134
[1m 970/1875[0m [32m==========[0m[37m==========[0m [1m4s[0m 5ms/step - accuracy: 0.9954 - loss: 0.0134
[1m 980/1875[0m [32m==========[0m[37m==========[0m [1m4s[0m 5ms/step - accuracy: 0.9954 - loss: 0.0134
[1m 991/1875[0m [32m==========[0m[37m==========[0m [1m4s[0m 5ms/step - accuracy: 0.9954 - loss: 0.0134
[1m1001/1875[0m [32m==========[0m[37m==========[0m [1m4s[0m 5ms/step - accuracy: 0.9954 - loss: 0.0134
[1m1011/1875[0m [32m==========[0m[37m==========[0m [1m4s[0m 5ms/step - accuracy: 0.9954 - loss: 0.0134
[1m1021/1875[0m [32m==========[0m[37m==========[0m [1m4s[0m 5ms/step - accuracy: 0.9954 - loss: 0.0134
[1m1031/1875[0m [32m==========[0m[37m==========[0m [1m4s[0m 5ms/step - accuracy: 0.9954 - loss: 0.0134
[1m1041/1875[0m [32m===========[0m[37m=========[0m [1m4s[0m 5ms/step - accuracy: 0.9954 - loss: 0.0134
[1m1051/1875[0m [32m===========[0m[37m=========[0m [1m4s[0m 5ms/step - accuracy: 0.9954 - loss: 0.0134
[1m1062/1875[0m [32m===========[0m[37m=========[0m [1m4s[0m 5ms/step - accuracy: 0.9954 - loss: 0.0134
[1m1072/1875[0m [32m===========[0m[37m=========[0m [1m3s[0m 5ms/step - accuracy: 0.9954 - loss: 0.0134
[1m1082/1875[0m [32m===========[0m[37m=========[0m [1m3s[0m 5ms/step - accuracy: 0.9954 - loss: 0.0134
[1m1093/1875[0m [32m===========[0m[37m=========[0m [1m3s[0m 5ms/step - accuracy: 0.9954 - loss: 0.0134
[1m1104/1875[0m [32m===========[0m[37m=========[0m [1m3s[0m 5ms/step - accuracy: 0.9954 - loss: 0.0134
[1m1116/1875[0m [32m===========[0m[37m=========[0m [1m3s[0m 5ms/step - accuracy: 0.9954 - loss: 0.0134
[1m1128/1875[0m [32m============[0m[37m========[0m [1m3s[0m 5ms/step - accuracy: 0.9954 - loss: 0.0134
[1m1140/1875[0m [32m============[0m[37m========[0m [1m3s[0m 5ms/step - accuracy: 0.9954 - loss: 0.0134
[1m1152/1875[0m [32m============[0m[37m========[0m [1m3s[0m 5ms/step - accuracy: 0.9954 - loss: 0.0134
[1m1164/1875[0m [32m============[0m[37m========[0m [1m3s[0m 5ms/step - accuracy: 0.9954 - loss: 0.0134
[1m1175/1875[0m [32m============[0m[37m========[0m [1m3s[0m 5ms/step - accuracy: 0.9954 - loss: 0.0134
[1m1186/1875[0m [32m============[0m[37m========[0m [1m3s[0m 5ms/step - accuracy: 0.9954 - loss: 0.0134
[1m1197/1875[0m [32m============[0m[37m========[0m [1m3s[0m 5ms/step - accuracy: 0.9954 - loss: 0.0134
[1m1208/1875[0m [32m============[0m[37m========[0m [1m3s[0m 5ms/step - accuracy: 0.9954 - loss: 0.0134
[1m1219/1875[0m [32m=============[0m[37m=======[0m [1m3s[0m 5ms/step - accuracy: 0.9954 - loss: 0.0134
[1m1227/1875[0m [32m=============[0m[37m=======[0m [1m3s[0m 5ms/step - accuracy: 0.9954 - loss: 0.0134
[1m1238/1875[0m [32m=============[0m[37m=======[0m [1m3s[0m 5ms/step - accuracy: 0.9954 - loss: 0.0134
[1m1249/1875[0m [32m=============[0m[37m=======[0m [1m3s[0m 5ms/step - accuracy: 0.9954 - loss: 0.0134
[1m1260/1875[0m [32m=============[0m[37m=======[0m [1m3s[0m 5ms/step - accuracy: 0.9954 - loss: 0.0133
[1m1271/1875[0m [32m=============[0m[37m=======[0m [1m2s[0m 5ms/step - accuracy: 0.9954 - loss: 0.0133
[1m1282/1875[0m [32m=============[0m[37m=======[0m [1m2s[0m 5ms/step - accuracy: 0.9954 - loss: 0.0133
[1m1293/1875[0m [32m=============[0m[37m=======[0m [1m2s[0m 5ms/step - accuracy: 0.9954 - loss: 0.0133
[1m1305/1875[0m [32m=============[0m[37m=======[0m [1m2s[0m 5ms/step - accuracy: 0.9955 - loss: 0.0133
[1m1316/1875[0m [32m==============[0m[37m======[0m [1m2s[0m 5ms/step - accuracy: 0.9955 - loss: 0.0133
[1m1328/1875[0m [32m==============[0m[37m======[0m [1m2s[0m 5ms/step - accuracy: 0.9955 - loss: 0.0134
[1m1339/1875[0m [32m==============[0m[37m======[0m [1m2s[0m 5ms/step - accuracy: 0.9955 - loss: 0.0134
[1m1350/1875[0m [32m==============[0m[37m======[0m [1m2s[0m 5ms/step - accuracy: 0.9955 - loss: 0.0134
[1m1361/1875[0m [32m==============[0m[37m======[0m [1m2s[0m 5ms/step - accuracy: 0.9955 - loss: 0.0134
[1m1372/1875[0m [32m==============[0m[37m======[0m [1m2s[0m 5ms/step - accuracy: 0.9955 - loss: 0.0134
[1m1383/1875[0m [32m==============[0m[37m======[0m [1m2s[0m 5ms/step - accuracy: 0.9955 - loss: 0.0134
[1m1394/1875[0m [32m==============[0m[37m======[0m [1m2s[0m 5ms/step - accuracy: 0.9955 - loss: 0.0134
[1m1405/1875[0m [32m==============[0m[37m======[0m [1m2s[0m 5ms/step - accuracy: 0.9955 - loss: 0.0134
[1m1416/1875[0m [32m===============[0m[37m=====[0m [1m2s[0m 5ms/step - accuracy: 0.9955 - loss: 0.0134
[1m1428/1875[0m [32m===============[0m[37m=====[0m [1m2s[0m 5ms/step - accuracy: 0.9955 - loss: 0.0134
[1m1440/1875[0m [32m===============[0m[37m=====[0m [1m2s[0m 5ms/step - accuracy: 0.9955 - loss: 0.0134
[1m1451/1875[0m [32m===============[0m[37m=====[0m [1m2s[0m 5ms/step - accuracy: 0.9955 - loss: 0.0134
[1m1461/1875[0m [32m===============[0m[37m=====[0m [1m2s[0m 5ms/step - accuracy: 0.9955 - loss: 0.0134
[1m1471/1875[0m [32m===============[0m[37m=====[0m [1m1s[0m 5ms/step - accuracy: 0.9955 - loss: 0.0134
[1m1482/1875[0m [32m===============[0m[37m=====[0m [1m1s[0m 5ms/step - accuracy: 0.9955 - loss: 0.0134
[1m1492/1875[0m [32m===============[0m[37m=====[0m [1m1s[0m 5ms/step - accuracy: 0.9955 - loss: 0.0134
[1m1500/1875[0m [32m================[0m[37m====[0m [1m1s[0m 5ms/step - accuracy: 0.9955 - loss: 0.0134
[1m1506/1875[0m [32m================[0m[37m====[0m [1m1s[0m 5ms/step - accuracy: 0.9955 - loss: 0.0134
[1m1517/1875[0m [32m================[0m[37m====[0m [1m1s[0m 5ms/step - accuracy: 0.9955 - loss: 0.0134
[1m1527/1875[0m [32m================[0m[37m====[0m [1m1s[0m 5ms/step - accuracy: 0.9955 - loss: 0.0134
[1m1538/1875[0m [32m================[0m[37m====[0m [1m1s[0m 5ms/step - accuracy: 0.9955 - loss: 0.0134
[1m1549/1875[0m [32m================[0m[37m====[0m [1m1s[0m 5ms/step - accuracy: 0.9955 - loss: 0.0134
[1m1559/1875[0m [32m================[0m[37m====[0m [1m1s[0m 5ms/step - accuracy: 0.9955 - loss: 0.0134
[1m1570/1875[0m [32m================[0m[37m====[0m [1m1s[0m 5ms/step - accuracy: 0.9955 - loss: 0.0134
[1m1581/1875[0m [32m================[0m[37m====[0m [1m1s[0m 5ms/step - accuracy: 0.9955 - loss: 0.0134
[1m1592/1875[0m [32m================[0m[37m====[0m [1m1s[0m 5ms/step - accuracy: 0.9955 - loss: 0.0134
[1m1603/1875[0m [32m=================[0m[37m===[0m [1m1s[0m 5ms/step - accuracy: 0.9955 - loss: 0.0134
[1m1614/1875[0m [32m=================[0m[37m===[0m [1m1s[0m 5ms/step - accuracy: 0.9955 - loss: 0.0135
[1m1624/1875[0m [32m=================[0m[37m===[0m [1m1s[0m 5ms/step - accuracy: 0.9955 - loss: 0.0135
[1m1635/1875[0m [32m=================[0m[37m===[0m [1m1s[0m 5ms/step - accuracy: 0.9955 - loss: 0.0135
[1m1645/1875[0m [32m=================[0m[37m===[0m [1m1s[0m 5ms/step - accuracy: 0.9955 - loss: 0.0135
[1m1656/1875[0m [32m=================[0m[37m===[0m [1m1s[0m 5ms/step - accuracy: 0.9955 - loss: 0.0135
[1m1667/1875[0m [32m=================[0m[37m===[0m [1m1s[0m 5ms/step - accuracy: 0.9955 - loss: 0.0135
[1m1678/1875[0m [32m=================[0m[37m===[0m [1m0s[0m 5ms/step - accuracy: 0.9955 - loss: 0.0135
[1m1688/1875[0m [32m==================[0m[37m==[0m [1m0s[0m 5ms/step - accuracy: 0.9955 - loss: 0.0135
[1m1699/1875[0m [32m==================[0m[37m==[0m [1m0s[0m 5ms/step - accuracy: 0.9955 - loss: 0.0135
[1m1710/1875[0m [32m==================[0m[37m==[0m [1m0s[0m 5ms/step - accuracy: 0.9955 - loss: 0.0135
[1m1721/1875[0m [32m==================[0m[37m==[0m [1m0s[0m 5ms/step - accuracy: 0.9955 - loss: 0.0135
[1m1732/1875[0m [32m==================[0m[37m==[0m [1m0s[0m 5ms/step - accuracy: 0.9954 - loss: 0.0135
[1m1743/1875[0m [32m==================[0m[37m==[0m [1m0s[0m 5ms/step - accuracy: 0.9954 - loss: 0.0135
[1m1754/1875[0m [32m==================[0m[37m==[0m [1m0s[0m 5ms/step - accuracy: 0.9954 - loss: 0.0135
[1m1764/1875[0m [32m==================[0m[37m==[0m [1m0s[0m 5ms/step - accuracy: 0.9954 - loss: 0.0135
[1m1774/1875[0m [32m==================[0m[37m==[0m [1m0s[0m 5ms/step - accuracy: 0.9954 - loss: 0.0135
[1m1785/1875[0m [32m===================[0m[37m=[0m [1m0s[0m 5ms/step - accuracy: 0.9954 - loss: 0.0135
[1m1796/1875[0m [32m===================[0m[37m=[0m [1m0s[0m 5ms/step - accuracy: 0.9954 - loss: 0.0135
[1m1807/1875[0m [32m===================[0m[37m=[0m [1m0s[0m 5ms/step - accuracy: 0.9954 - loss: 0.0135
[1m1818/1875[0m [32m===================[0m[37m=[0m [1m0s[0m 5ms/step - accuracy: 0.9954 - loss: 0.0135
[1m1829/1875[0m [32m===================[0m[37m=[0m [1m0s[0m 5ms/step - accuracy: 0.9954 - loss: 0.0135
[1m1839/1875[0m [32m===================[0m[37m=[0m [1m0s[0m 5ms/step - accuracy: 0.9954 - loss: 0.0135
[1m1846/1875[0m [32m===================[0m[37m=[0m [1m0s[0m 5ms/step - accuracy: 0.9954 - loss: 0.0135
[1m1856/1875[0m [32m===================[0m[37m=[0m [1m0s[0m 5ms/step - accuracy: 0.9954 - loss: 0.0136
[1m1865/1875[0m [32m===================[0m[37m=[0m [1m0s[0m 5ms/step - accuracy: 0.9954 - loss: 0.0136
[1m1875/1875[0m [32m====================[0m[37m[0m [1m0s[0m 5ms/step - accuracy: 0.9954 - loss: 0.0136
[1m1875/1875[0m [32m====================[0m[37m[0m [1m10s[0m 5ms/step - accuracy: 0.9954 - loss: 0.0136 - val_accuracy: 0.9872 - val_loss: 0.0401

[Done] exited with code=0 in 100.656 seconds

